mads 2.1.5 build 4 (1 Apr 22)
Source: D:\!Delphi\PAS6502\test\sprite\assets\face.asm
     1 = 0000			.extrn	shanti.sprites, shanti.multi.ret01, shanti.multi.ret23, shanti.shape_tab01, shanti.shape_tab23	.word
     2 				.public	face
     3
     4 FFFF> 01,0000-0DDE> 4D + .reloc
     5
     6 01,0000			.proc	face(.byte a) .reg
     7
     8 01,0000 0A			asl @
     9 01,0001 A8			tay
    10
    11 				  .rept 16,#
    12 					.IFDEF SHP%%1
    13 					MWA #SHP%%1._01 SHANTI.SHAPE_TAB01,Y
    14 					MWA #SHP%%1._23 SHANTI.SHAPE_TAB23,Y
    15 					INY
    16 					INY
    17 					.ENDIF
    18 				  .endr
Source: REPT
    12 					.IFDEF SHP0
    12 01,0002 A9 21 99 00 00 + 	MWA #SHP0._01 SHANTI.SHAPE_TAB01,Y
    12 01,000C A9 A2 99 00 00 + 	MWA #SHP0._23 SHANTI.SHAPE_TAB23,Y
    12 01,0016 C8			INY
    12 01,0017 C8			INY
    12 					.ENDIF
    12 					.IFDEF SHP1
    12 01,0018 A9 23 99 00 00 + 	MWA #SHP1._01 SHANTI.SHAPE_TAB01,Y
    12 01,0022 A9 A2 99 00 00 + 	MWA #SHP1._23 SHANTI.SHAPE_TAB23,Y
    12 01,002C C8			INY
    12 01,002D C8			INY
    12 					.ENDIF
    12 					.IFDEF SHP2
    12 01,002E A9 21 99 00 00 + 	MWA #SHP2._01 SHANTI.SHAPE_TAB01,Y
    12 01,0038 A9 A0 99 00 00 + 	MWA #SHP2._23 SHANTI.SHAPE_TAB23,Y
    12 01,0042 C8			INY
    12 01,0043 C8			INY
    12 					.ENDIF
    12 					.IFDEF SHP3
    12 01,0044 A9 1F 99 00 00 + 	MWA #SHP3._01 SHANTI.SHAPE_TAB01,Y
    12 01,004E A9 98 99 00 00 + 	MWA #SHP3._23 SHANTI.SHAPE_TAB23,Y
    12 01,0058 C8			INY
    12 01,0059 C8			INY
    12 					.ENDIF
    12 					.IFDEF SHP4
    12 01,005A A9 11 99 00 00 + 	MWA #SHP4._01 SHANTI.SHAPE_TAB01,Y
    12 01,0064 A9 84 99 00 00 + 	MWA #SHP4._23 SHANTI.SHAPE_TAB23,Y
    12 01,006E C8			INY
    12 01,006F C8			INY
    12 					.ENDIF
    12 					.IFDEF SHP5
    12 01,0070 A9 F7 99 00 00 + 	MWA #SHP5._01 SHANTI.SHAPE_TAB01,Y
    12 01,007A A9 70 99 00 00 + 	MWA #SHP5._23 SHANTI.SHAPE_TAB23,Y
    12 01,0084 C8			INY
    12 01,0085 C8			INY
    12 					.ENDIF
    12 					.IFDEF SHP6
    12 01,0086 A9 E9 99 00 00 + 	MWA #SHP6._01 SHANTI.SHAPE_TAB01,Y
    12 01,0090 A9 68 99 00 00 + 	MWA #SHP6._23 SHANTI.SHAPE_TAB23,Y
    12 01,009A C8			INY
    12 01,009B C8			INY
    12 					.ENDIF
    12 					.IFDEF SHP7
    12 01,009C A9 E7 99 00 00 + 	MWA #SHP7._01 SHANTI.SHAPE_TAB01,Y
    12 01,00A6 A9 66 99 00 00 + 	MWA #SHP7._23 SHANTI.SHAPE_TAB23,Y
    12 01,00B0 C8			INY
    12 01,00B1 C8			INY
    12 					.ENDIF
    12 					.IFDEF SHP8
    12 01,00B2 A9 E5 99 00 00 + 	MWA #SHP8._01 SHANTI.SHAPE_TAB01,Y
    12 01,00BC A9 6A 99 00 00 + 	MWA #SHP8._23 SHANTI.SHAPE_TAB23,Y
    12 01,00C6 C8			INY
    12 01,00C7 C8			INY
    12 					.ENDIF
    12 					.IFDEF SHP9
    12 01,00C8 A9 EF 99 00 00 + 	MWA #SHP9._01 SHANTI.SHAPE_TAB01,Y
    12 01,00D2 A9 6A 99 00 00 + 	MWA #SHP9._23 SHANTI.SHAPE_TAB23,Y
    12 01,00DC C8			INY
    12 01,00DD C8			INY
    12 					.ENDIF
    12 					.IFDEF SHP10
    12 01,00DE A9 E5 99 00 00 + 	MWA #SHP10._01 SHANTI.SHAPE_TAB01,Y
    12 01,00E8 A9 60 99 00 00 + 	MWA #SHP10._23 SHANTI.SHAPE_TAB23,Y
    12 01,00F2 C8			INY
    12 01,00F3 C8			INY
    12 					.ENDIF
    12 					.IFDEF SHP11
    12 01,00F4 A9 DB 99 00 00 + 	MWA #SHP11._01 SHANTI.SHAPE_TAB01,Y
    12 01,00FE A9 5C 99 00 00 + 	MWA #SHP11._23 SHANTI.SHAPE_TAB23,Y
    12 01,0108 C8			INY
    12 01,0109 C8			INY
    12 					.ENDIF
    12 					.IFDEF SHP12
    12 01,010A A9 DD 99 00 00 + 	MWA #SHP12._01 SHANTI.SHAPE_TAB01,Y
    12 01,0114 A9 5E 99 00 00 + 	MWA #SHP12._23 SHANTI.SHAPE_TAB23,Y
    12 01,011E C8			INY
    12 01,011F C8			INY
    12 					.ENDIF
    12 					.IFDEF SHP13
    12 					MWA #SHP13._01 SHANTI.SHAPE_TAB01,Y
    12 					MWA #SHP13._23 SHANTI.SHAPE_TAB23,Y
    12 					INY
    12 					INY
    12 					.ENDIF
    12 					.IFDEF SHP14
    12 					MWA #SHP14._01 SHANTI.SHAPE_TAB01,Y
    12 					MWA #SHP14._23 SHANTI.SHAPE_TAB23,Y
    12 					INY
    12 					INY
    12 					.ENDIF
    12 					.IFDEF SHP15
    12 					MWA #SHP15._01 SHANTI.SHAPE_TAB01,Y
    12 					MWA #SHP15._23 SHANTI.SHAPE_TAB23,Y
    12 					INY
    12 					INY
    12 					.ENDIF
Source: D:\!Delphi\PAS6502\test\sprite\assets\face.asm
    19
    20 01,0120 60			rts
    21 				.endp
    22
    23
    24 01,0121			.local	shp0
    25
    26 01,0121			_01
    27 01,0121 A9 00			lda #0
    28 01,0123 9D 04 05			sta shanti.sprites+$500+4,x
    29 01,0126 9D 0D 05			sta shanti.sprites+$500+13,x
    30 01,0129 9D 0E 04			sta shanti.sprites+$400+14,x
    31 01,012C 9D 0E 05			sta shanti.sprites+$500+14,x
    32 01,012F 9D 0F 04			sta shanti.sprites+$400+15,x
    33 01,0132 9D 0F 05			sta shanti.sprites+$500+15,x
    34 01,0135 A9 18			lda #24
    35 01,0137 9D 00 05			sta shanti.sprites+$500+0,x
    36 01,013A 9D 02 05			sta shanti.sprites+$500+2,x
    37 01,013D 9D 05 04			sta shanti.sprites+$400+5,x
    38 01,0140 9D 0C 05			sta shanti.sprites+$500+12,x
    39 01,0143 9D 0D 04			sta shanti.sprites+$400+13,x
    40 01,0146 A9 24			lda #36
    41 01,0148 9D 00 04			sta shanti.sprites+$400+0,x
    42 01,014B 9D 0A 04			sta shanti.sprites+$400+10,x
    43 01,014E 9D 0B 05			sta shanti.sprites+$500+11,x
    44 01,0151 9D 0C 04			sta shanti.sprites+$400+12,x
    45 01,0154 A9 3C			lda #60
    46 01,0156 9D 01 05			sta shanti.sprites+$500+1,x
    47 01,0159 A9 44			lda #68
    48 01,015B 9D 03 05			sta shanti.sprites+$500+3,x
    49 01,015E A9 5A			lda #90
    50 01,0160 9D 01 04			sta shanti.sprites+$400+1,x
    51 01,0163 9D 0A 05			sta shanti.sprites+$500+10,x
    52 01,0166 9D 0B 04			sta shanti.sprites+$400+11,x
    53 01,0169 A9 5E			lda #94
    54 01,016B 9D 08 04			sta shanti.sprites+$400+8,x
    55 01,016E A9 66			lda #102
    56 01,0170 9D 02 04			sta shanti.sprites+$400+2,x
    57 01,0173 9D 09 05			sta shanti.sprites+$500+9,x
    58 01,0176 A9 81			lda #129
    59 01,0178 9D 04 04			sta shanti.sprites+$400+4,x
    60 01,017B 9D 05 05			sta shanti.sprites+$500+5,x
    61 01,017E A9 99			lda #153
    62 01,0180 9D 06 05			sta shanti.sprites+$500+6,x
    63 01,0183 A9 D9			lda #217
    64 01,0185 9D 07 04			sta shanti.sprites+$400+7,x
    65 01,0188 A9 DB			lda #219
    66 01,018A 9D 09 04			sta shanti.sprites+$400+9,x
    67 01,018D A9 DD			lda #221
    68 01,018F 9D 03 04			sta shanti.sprites+$400+3,x
    69 01,0192 A9 E6			lda #230
    70 01,0194 9D 06 04			sta shanti.sprites+$400+6,x
    71 01,0197 A9 F7			lda #247
    72 01,0199 9D 07 05			sta shanti.sprites+$500+7,x
    73 01,019C 9D 08 05			sta shanti.sprites+$500+8,x
    74
    75 01,019F 4C 00 00			jmp shanti.multi.ret01
    76
    77 01,01A2			_23
    78 01,01A2 A9 00			lda #0
    79 01,01A4 9D 04 07			sta shanti.sprites+$700+4,x
    80 01,01A7 9D 0D 07			sta shanti.sprites+$700+13,x
    81 01,01AA 9D 0E 06			sta shanti.sprites+$600+14,x
    82 01,01AD 9D 0E 07			sta shanti.sprites+$700+14,x
    83 01,01B0 9D 0F 06			sta shanti.sprites+$600+15,x
    84 01,01B3 9D 0F 07			sta shanti.sprites+$700+15,x
    85 01,01B6 A9 18			lda #24
    86 01,01B8 9D 00 07			sta shanti.sprites+$700+0,x
    87 01,01BB 9D 02 07			sta shanti.sprites+$700+2,x
    88 01,01BE 9D 05 06			sta shanti.sprites+$600+5,x
    89 01,01C1 9D 0C 07			sta shanti.sprites+$700+12,x
    90 01,01C4 9D 0D 06			sta shanti.sprites+$600+13,x
    91 01,01C7 A9 24			lda #36
    92 01,01C9 9D 00 06			sta shanti.sprites+$600+0,x
    93 01,01CC 9D 0A 06			sta shanti.sprites+$600+10,x
    94 01,01CF 9D 0B 07			sta shanti.sprites+$700+11,x
    95 01,01D2 9D 0C 06			sta shanti.sprites+$600+12,x
    96 01,01D5 A9 3C			lda #60
    97 01,01D7 9D 01 07			sta shanti.sprites+$700+1,x
    98 01,01DA A9 44			lda #68
    99 01,01DC 9D 03 07			sta shanti.sprites+$700+3,x
   100 01,01DF A9 5A			lda #90
   101 01,01E1 9D 01 06			sta shanti.sprites+$600+1,x
   102 01,01E4 9D 0A 07			sta shanti.sprites+$700+10,x
   103 01,01E7 9D 0B 06			sta shanti.sprites+$600+11,x
   104 01,01EA A9 5E			lda #94
   105 01,01EC 9D 08 06			sta shanti.sprites+$600+8,x
   106 01,01EF A9 66			lda #102
   107 01,01F1 9D 02 06			sta shanti.sprites+$600+2,x
   108 01,01F4 9D 09 07			sta shanti.sprites+$700+9,x
   109 01,01F7 A9 81			lda #129
   110 01,01F9 9D 04 06			sta shanti.sprites+$600+4,x
   111 01,01FC 9D 05 07			sta shanti.sprites+$700+5,x
   112 01,01FF A9 99			lda #153
   113 01,0201 9D 06 07			sta shanti.sprites+$700+6,x
   114 01,0204 A9 D9			lda #217
   115 01,0206 9D 07 06			sta shanti.sprites+$600+7,x
   116 01,0209 A9 DB			lda #219
   117 01,020B 9D 09 06			sta shanti.sprites+$600+9,x
   118 01,020E A9 DD			lda #221
   119 01,0210 9D 03 06			sta shanti.sprites+$600+3,x
   120 01,0213 A9 E6			lda #230
   121 01,0215 9D 06 06			sta shanti.sprites+$600+6,x
   122 01,0218 A9 F7			lda #247
   123 01,021A 9D 07 07			sta shanti.sprites+$700+7,x
   124 01,021D 9D 08 07			sta shanti.sprites+$700+8,x
   125
   126 01,0220 4C 00 00			jmp shanti.multi.ret23
   127 				.endl
   128
   129 01,0223			.local	shp1
   130
   131 01,0223			_01
   132 01,0223 A9 00			lda #0
   133 01,0225 9D 00 04			sta shanti.sprites+$400+0,x
   134 01,0228 9D 00 05			sta shanti.sprites+$500+0,x
   135 01,022B 9D 0B 05			sta shanti.sprites+$500+11,x
   136 01,022E 9D 0C 05			sta shanti.sprites+$500+12,x
   137 01,0231 9D 0D 04			sta shanti.sprites+$400+13,x
   138 01,0234 9D 0D 05			sta shanti.sprites+$500+13,x
   139 01,0237 9D 0E 04			sta shanti.sprites+$400+14,x
   140 01,023A 9D 0E 05			sta shanti.sprites+$500+14,x
   141 01,023D 9D 0F 04			sta shanti.sprites+$400+15,x
   142 01,0240 9D 0F 05			sta shanti.sprites+$500+15,x
   143 01,0243 A9 10			lda #16
   144 01,0245 9D 06 04			sta shanti.sprites+$400+6,x
   145 01,0248 A9 18			lda #24
   146 01,024A 9D 01 05			sta shanti.sprites+$500+1,x
   147 01,024D 9D 04 05			sta shanti.sprites+$500+4,x
   148 01,0250 9D 09 04			sta shanti.sprites+$400+9,x
   149 01,0253 9D 0C 04			sta shanti.sprites+$400+12,x
   150 01,0256 A9 24			lda #36
   151 01,0258 9D 01 04			sta shanti.sprites+$400+1,x
   152 01,025B 9D 0A 05			sta shanti.sprites+$500+10,x
   153 01,025E A9 3C			lda #60
   154 01,0260 9D 02 05			sta shanti.sprites+$500+2,x
   155 01,0263 9D 03 05			sta shanti.sprites+$500+3,x
   156 01,0266 9D 0B 04			sta shanti.sprites+$400+11,x
   157 01,0269 A9 58			lda #88
   158 01,026B 9D 05 04			sta shanti.sprites+$400+5,x
   159 01,026E A9 5A			lda #90
   160 01,0270 9D 02 04			sta shanti.sprites+$400+2,x
   161 01,0273 9D 03 04			sta shanti.sprites+$400+3,x
   162 01,0276 9D 0A 04			sta shanti.sprites+$400+10,x
   163 01,0279 A9 66			lda #102
   164 01,027B 9D 07 04			sta shanti.sprites+$400+7,x
   165 01,027E A9 76			lda #118
   166 01,0280 9D 08 05			sta shanti.sprites+$500+8,x
   167 01,0283 9D 09 05			sta shanti.sprites+$500+9,x
   168 01,0286 A9 81			lda #129
   169 01,0288 9D 05 05			sta shanti.sprites+$500+5,x
   170 01,028B A9 89			lda #137
   171 01,028D 9D 06 05			sta shanti.sprites+$500+6,x
   172 01,0290 A9 99			lda #153
   173 01,0292 9D 07 05			sta shanti.sprites+$500+7,x
   174 01,0295 A9 CD			lda #205
   175 01,0297 9D 08 04			sta shanti.sprites+$400+8,x
   176 01,029A A9 E7			lda #231
   177 01,029C 9D 04 04			sta shanti.sprites+$400+4,x
   178
   179 01,029F 4C 00 00			jmp shanti.multi.ret01
   180
   181 01,02A2			_23
   182 01,02A2 A9 00			lda #0
   183 01,02A4 9D 00 06			sta shanti.sprites+$600+0,x
   184 01,02A7 9D 00 07			sta shanti.sprites+$700+0,x
   185 01,02AA 9D 0B 07			sta shanti.sprites+$700+11,x
   186 01,02AD 9D 0C 07			sta shanti.sprites+$700+12,x
   187 01,02B0 9D 0D 06			sta shanti.sprites+$600+13,x
   188 01,02B3 9D 0D 07			sta shanti.sprites+$700+13,x
   189 01,02B6 9D 0E 06			sta shanti.sprites+$600+14,x
   190 01,02B9 9D 0E 07			sta shanti.sprites+$700+14,x
   191 01,02BC 9D 0F 06			sta shanti.sprites+$600+15,x
   192 01,02BF 9D 0F 07			sta shanti.sprites+$700+15,x
   193 01,02C2 A9 10			lda #16
   194 01,02C4 9D 06 06			sta shanti.sprites+$600+6,x
   195 01,02C7 A9 18			lda #24
   196 01,02C9 9D 01 07			sta shanti.sprites+$700+1,x
   197 01,02CC 9D 04 07			sta shanti.sprites+$700+4,x
   198 01,02CF 9D 09 06			sta shanti.sprites+$600+9,x
   199 01,02D2 9D 0C 06			sta shanti.sprites+$600+12,x
   200 01,02D5 A9 24			lda #36
   201 01,02D7 9D 01 06			sta shanti.sprites+$600+1,x
   202 01,02DA 9D 0A 07			sta shanti.sprites+$700+10,x
   203 01,02DD A9 3C			lda #60
   204 01,02DF 9D 02 07			sta shanti.sprites+$700+2,x
   205 01,02E2 9D 03 07			sta shanti.sprites+$700+3,x
   206 01,02E5 9D 0B 06			sta shanti.sprites+$600+11,x
   207 01,02E8 A9 58			lda #88
   208 01,02EA 9D 05 06			sta shanti.sprites+$600+5,x
   209 01,02ED A9 5A			lda #90
   210 01,02EF 9D 02 06			sta shanti.sprites+$600+2,x
   211 01,02F2 9D 03 06			sta shanti.sprites+$600+3,x
   212 01,02F5 9D 0A 06			sta shanti.sprites+$600+10,x
   213 01,02F8 A9 66			lda #102
   214 01,02FA 9D 07 06			sta shanti.sprites+$600+7,x
   215 01,02FD A9 76			lda #118
   216 01,02FF 9D 08 07			sta shanti.sprites+$700+8,x
   217 01,0302 9D 09 07			sta shanti.sprites+$700+9,x
   218 01,0305 A9 81			lda #129
   219 01,0307 9D 05 07			sta shanti.sprites+$700+5,x
   220 01,030A A9 89			lda #137
   221 01,030C 9D 06 07			sta shanti.sprites+$700+6,x
   222 01,030F A9 99			lda #153
   223 01,0311 9D 07 07			sta shanti.sprites+$700+7,x
   224 01,0314 A9 CD			lda #205
   225 01,0316 9D 08 06			sta shanti.sprites+$600+8,x
   226 01,0319 A9 E7			lda #231
   227 01,031B 9D 04 06			sta shanti.sprites+$600+4,x
   228
   229 01,031E 4C 00 00			jmp shanti.multi.ret23
   230 				.endl
   231
   232 01,0321			.local	shp2
   233
   234 01,0321			_01
   235 01,0321 A9 00			lda #0
   236 01,0323 9D 00 04			sta shanti.sprites+$400+0,x
   237 01,0326 9D 00 05			sta shanti.sprites+$500+0,x
   238 01,0329 9D 01 05			sta shanti.sprites+$500+1,x
   239 01,032C 9D 0C 04			sta shanti.sprites+$400+12,x
   240 01,032F 9D 0C 05			sta shanti.sprites+$500+12,x
   241 01,0332 9D 0D 04			sta shanti.sprites+$400+13,x
   242 01,0335 9D 0D 05			sta shanti.sprites+$500+13,x
   243 01,0338 9D 0E 04			sta shanti.sprites+$400+14,x
   244 01,033B 9D 0E 05			sta shanti.sprites+$500+14,x
   245 01,033E 9D 0F 04			sta shanti.sprites+$400+15,x
   246 01,0341 9D 0F 05			sta shanti.sprites+$500+15,x
   247 01,0344 A9 08			lda #8
   248 01,0346 9D 0B 04			sta shanti.sprites+$400+11,x
   249 01,0349 A9 10			lda #16
   250 01,034B 9D 0A 05			sta shanti.sprites+$500+10,x
   251 01,034E 9D 0B 05			sta shanti.sprites+$500+11,x
   252 01,0351 A9 18			lda #24
   253 01,0353 9D 01 04			sta shanti.sprites+$400+1,x
   254 01,0356 9D 02 05			sta shanti.sprites+$500+2,x
   255 01,0359 9D 07 05			sta shanti.sprites+$500+7,x
   256 01,035C 9D 08 04			sta shanti.sprites+$400+8,x
   257 01,035F A9 24			lda #36
   258 01,0361 9D 02 04			sta shanti.sprites+$400+2,x
   259 01,0364 A9 34			lda #52
   260 01,0366 9D 09 05			sta shanti.sprites+$500+9,x
   261 01,0369 A9 3C			lda #60
   262 01,036B 9D 03 05			sta shanti.sprites+$500+3,x
   263 01,036E 9D 05 04			sta shanti.sprites+$400+5,x
   264 01,0371 9D 0A 04			sta shanti.sprites+$400+10,x
   265 01,0374 A9 4A			lda #74
   266 01,0376 9D 09 04			sta shanti.sprites+$400+9,x
   267 01,0379 A9 5A			lda #90
   268 01,037B 9D 03 04			sta shanti.sprites+$400+3,x
   269 01,037E 9D 06 04			sta shanti.sprites+$400+6,x
   270 01,0381 A9 66			lda #102
   271 01,0383 9D 08 05			sta shanti.sprites+$500+8,x
   272 01,0386 A9 7E			lda #126
   273 01,0388 9D 04 05			sta shanti.sprites+$500+4,x
   274 01,038B A9 BD			lda #189
   275 01,038D 9D 04 04			sta shanti.sprites+$400+4,x
   276 01,0390 9D 06 05			sta shanti.sprites+$500+6,x
   277 01,0393 A9 E7			lda #231
   278 01,0395 9D 07 04			sta shanti.sprites+$400+7,x
   279 01,0398 A9 FF			lda #255
   280 01,039A 9D 05 05			sta shanti.sprites+$500+5,x
   281
   282 01,039D 4C 00 00			jmp shanti.multi.ret01
   283
   284 01,03A0			_23
   285 01,03A0 A9 00			lda #0
   286 01,03A2 9D 00 06			sta shanti.sprites+$600+0,x
   287 01,03A5 9D 00 07			sta shanti.sprites+$700+0,x
   288 01,03A8 9D 01 07			sta shanti.sprites+$700+1,x
   289 01,03AB 9D 0C 06			sta shanti.sprites+$600+12,x
   290 01,03AE 9D 0C 07			sta shanti.sprites+$700+12,x
   291 01,03B1 9D 0D 06			sta shanti.sprites+$600+13,x
   292 01,03B4 9D 0D 07			sta shanti.sprites+$700+13,x
   293 01,03B7 9D 0E 06			sta shanti.sprites+$600+14,x
   294 01,03BA 9D 0E 07			sta shanti.sprites+$700+14,x
   295 01,03BD 9D 0F 06			sta shanti.sprites+$600+15,x
   296 01,03C0 9D 0F 07			sta shanti.sprites+$700+15,x
   297 01,03C3 A9 08			lda #8
   298 01,03C5 9D 0B 06			sta shanti.sprites+$600+11,x
   299 01,03C8 A9 10			lda #16
   300 01,03CA 9D 0A 07			sta shanti.sprites+$700+10,x
   301 01,03CD 9D 0B 07			sta shanti.sprites+$700+11,x
   302 01,03D0 A9 18			lda #24
   303 01,03D2 9D 01 06			sta shanti.sprites+$600+1,x
   304 01,03D5 9D 02 07			sta shanti.sprites+$700+2,x
   305 01,03D8 9D 07 07			sta shanti.sprites+$700+7,x
   306 01,03DB 9D 08 06			sta shanti.sprites+$600+8,x
   307 01,03DE A9 24			lda #36
   308 01,03E0 9D 02 06			sta shanti.sprites+$600+2,x
   309 01,03E3 A9 34			lda #52
   310 01,03E5 9D 09 07			sta shanti.sprites+$700+9,x
   311 01,03E8 A9 3C			lda #60
   312 01,03EA 9D 03 07			sta shanti.sprites+$700+3,x
   313 01,03ED 9D 05 06			sta shanti.sprites+$600+5,x
   314 01,03F0 9D 0A 06			sta shanti.sprites+$600+10,x
   315 01,03F3 A9 4A			lda #74
   316 01,03F5 9D 09 06			sta shanti.sprites+$600+9,x
   317 01,03F8 A9 5A			lda #90
   318 01,03FA 9D 03 06			sta shanti.sprites+$600+3,x
   319 01,03FD 9D 06 06			sta shanti.sprites+$600+6,x
   320 01,0400 A9 66			lda #102
   321 01,0402 9D 08 07			sta shanti.sprites+$700+8,x
   322 01,0405 A9 7E			lda #126
   323 01,0407 9D 04 07			sta shanti.sprites+$700+4,x
   324 01,040A A9 BD			lda #189
   325 01,040C 9D 04 06			sta shanti.sprites+$600+4,x
   326 01,040F 9D 06 07			sta shanti.sprites+$700+6,x
   327 01,0412 A9 E7			lda #231
   328 01,0414 9D 07 06			sta shanti.sprites+$600+7,x
   329 01,0417 A9 FF			lda #255
   330 01,0419 9D 05 07			sta shanti.sprites+$700+5,x
   331
   332 01,041C 4C 00 00			jmp shanti.multi.ret23
   333 				.endl
   334
   335 01,041F			.local	shp3
   336
   337 01,041F			_01
   338 01,041F A9 00			lda #0
   339 01,0421 9D 00 04			sta shanti.sprites+$400+0,x
   340 01,0424 9D 00 05			sta shanti.sprites+$500+0,x
   341 01,0427 9D 01 04			sta shanti.sprites+$400+1,x
   342 01,042A 9D 01 05			sta shanti.sprites+$500+1,x
   343 01,042D 9D 02 05			sta shanti.sprites+$500+2,x
   344 01,0430 9D 0A 05			sta shanti.sprites+$500+10,x
   345 01,0433 9D 0D 04			sta shanti.sprites+$400+13,x
   346 01,0436 9D 0D 05			sta shanti.sprites+$500+13,x
   347 01,0439 9D 0E 04			sta shanti.sprites+$400+14,x
   348 01,043C 9D 0E 05			sta shanti.sprites+$500+14,x
   349 01,043F 9D 0F 04			sta shanti.sprites+$400+15,x
   350 01,0442 9D 0F 05			sta shanti.sprites+$500+15,x
   351 01,0445 A9 08			lda #8
   352 01,0447 9D 0B 04			sta shanti.sprites+$400+11,x
   353 01,044A A9 10			lda #16
   354 01,044C 9D 0B 05			sta shanti.sprites+$500+11,x
   355 01,044F 9D 0C 05			sta shanti.sprites+$500+12,x
   356 01,0452 A9 18			lda #24
   357 01,0454 9D 02 04			sta shanti.sprites+$400+2,x
   358 01,0457 9D 03 05			sta shanti.sprites+$500+3,x
   359 01,045A 9D 09 05			sta shanti.sprites+$500+9,x
   360 01,045D 9D 0A 04			sta shanti.sprites+$400+10,x
   361 01,0460 9D 0C 04			sta shanti.sprites+$400+12,x
   362 01,0463 A9 24			lda #36
   363 01,0465 9D 03 04			sta shanti.sprites+$400+3,x
   364 01,0468 9D 09 04			sta shanti.sprites+$400+9,x
   365 01,046B A9 3C			lda #60
   366 01,046D 9D 04 05			sta shanti.sprites+$500+4,x
   367 01,0470 9D 06 04			sta shanti.sprites+$400+6,x
   368 01,0473 9D 07 04			sta shanti.sprites+$400+7,x
   369 01,0476 9D 08 05			sta shanti.sprites+$500+8,x
   370 01,0479 A9 5A			lda #90
   371 01,047B 9D 04 04			sta shanti.sprites+$400+4,x
   372 01,047E A9 7E			lda #126
   373 01,0480 9D 05 05			sta shanti.sprites+$500+5,x
   374 01,0483 A9 BD			lda #189
   375 01,0485 9D 05 04			sta shanti.sprites+$400+5,x
   376 01,0488 A9 DB			lda #219
   377 01,048A 9D 08 04			sta shanti.sprites+$400+8,x
   378 01,048D A9 FF			lda #255
   379 01,048F 9D 06 05			sta shanti.sprites+$500+6,x
   380 01,0492 9D 07 05			sta shanti.sprites+$500+7,x
   381
   382 01,0495 4C 00 00			jmp shanti.multi.ret01
   383
   384 01,0498			_23
   385 01,0498 A9 00			lda #0
   386 01,049A 9D 00 06			sta shanti.sprites+$600+0,x
   387 01,049D 9D 00 07			sta shanti.sprites+$700+0,x
   388 01,04A0 9D 01 06			sta shanti.sprites+$600+1,x
   389 01,04A3 9D 01 07			sta shanti.sprites+$700+1,x
   390 01,04A6 9D 02 07			sta shanti.sprites+$700+2,x
   391 01,04A9 9D 0A 07			sta shanti.sprites+$700+10,x
   392 01,04AC 9D 0D 06			sta shanti.sprites+$600+13,x
   393 01,04AF 9D 0D 07			sta shanti.sprites+$700+13,x
   394 01,04B2 9D 0E 06			sta shanti.sprites+$600+14,x
   395 01,04B5 9D 0E 07			sta shanti.sprites+$700+14,x
   396 01,04B8 9D 0F 06			sta shanti.sprites+$600+15,x
   397 01,04BB 9D 0F 07			sta shanti.sprites+$700+15,x
   398 01,04BE A9 08			lda #8
   399 01,04C0 9D 0B 06			sta shanti.sprites+$600+11,x
   400 01,04C3 A9 10			lda #16
   401 01,04C5 9D 0B 07			sta shanti.sprites+$700+11,x
   402 01,04C8 9D 0C 07			sta shanti.sprites+$700+12,x
   403 01,04CB A9 18			lda #24
   404 01,04CD 9D 02 06			sta shanti.sprites+$600+2,x
   405 01,04D0 9D 03 07			sta shanti.sprites+$700+3,x
   406 01,04D3 9D 09 07			sta shanti.sprites+$700+9,x
   407 01,04D6 9D 0A 06			sta shanti.sprites+$600+10,x
   408 01,04D9 9D 0C 06			sta shanti.sprites+$600+12,x
   409 01,04DC A9 24			lda #36
   410 01,04DE 9D 03 06			sta shanti.sprites+$600+3,x
   411 01,04E1 9D 09 06			sta shanti.sprites+$600+9,x
   412 01,04E4 A9 3C			lda #60
   413 01,04E6 9D 04 07			sta shanti.sprites+$700+4,x
   414 01,04E9 9D 06 06			sta shanti.sprites+$600+6,x
   415 01,04EC 9D 07 06			sta shanti.sprites+$600+7,x
   416 01,04EF 9D 08 07			sta shanti.sprites+$700+8,x
   417 01,04F2 A9 5A			lda #90
   418 01,04F4 9D 04 06			sta shanti.sprites+$600+4,x
   419 01,04F7 A9 7E			lda #126
   420 01,04F9 9D 05 07			sta shanti.sprites+$700+5,x
   421 01,04FC A9 BD			lda #189
   422 01,04FE 9D 05 06			sta shanti.sprites+$600+5,x
   423 01,0501 A9 DB			lda #219
   424 01,0503 9D 08 06			sta shanti.sprites+$600+8,x
   425 01,0506 A9 FF			lda #255
   426 01,0508 9D 06 07			sta shanti.sprites+$700+6,x
   427 01,050B 9D 07 07			sta shanti.sprites+$700+7,x
   428
   429 01,050E 4C 00 00			jmp shanti.multi.ret23
   430 				.endl
   431
   432 01,0511			.local	shp4
   433
   434 01,0511			_01
   435 01,0511 A9 00			lda #0
   436 01,0513 9D 00 04			sta shanti.sprites+$400+0,x
   437 01,0516 9D 00 05			sta shanti.sprites+$500+0,x
   438 01,0519 9D 01 05			sta shanti.sprites+$500+1,x
   439 01,051C 9D 0B 05			sta shanti.sprites+$500+11,x
   440 01,051F 9D 0C 04			sta shanti.sprites+$400+12,x
   441 01,0522 9D 0C 05			sta shanti.sprites+$500+12,x
   442 01,0525 9D 0D 04			sta shanti.sprites+$400+13,x
   443 01,0528 9D 0D 05			sta shanti.sprites+$500+13,x
   444 01,052B 9D 0E 04			sta shanti.sprites+$400+14,x
   445 01,052E 9D 0E 05			sta shanti.sprites+$500+14,x
   446 01,0531 9D 0F 04			sta shanti.sprites+$400+15,x
   447 01,0534 9D 0F 05			sta shanti.sprites+$500+15,x
   448 01,0537 A9 18			lda #24
   449 01,0539 9D 01 04			sta shanti.sprites+$400+1,x
   450 01,053C 9D 02 05			sta shanti.sprites+$500+2,x
   451 01,053F 9D 09 04			sta shanti.sprites+$400+9,x
   452 01,0542 9D 0A 05			sta shanti.sprites+$500+10,x
   453 01,0545 9D 0B 04			sta shanti.sprites+$400+11,x
   454 01,0548 A9 24			lda #36
   455 01,054A 9D 02 04			sta shanti.sprites+$400+2,x
   456 01,054D 9D 0A 04			sta shanti.sprites+$400+10,x
   457 01,0550 A9 3C			lda #60
   458 01,0552 9D 03 05			sta shanti.sprites+$500+3,x
   459 01,0555 9D 04 04			sta shanti.sprites+$400+4,x
   460 01,0558 9D 08 05			sta shanti.sprites+$500+8,x
   461 01,055B 9D 09 05			sta shanti.sprites+$500+9,x
   462 01,055E A9 5A			lda #90
   463 01,0560 9D 03 04			sta shanti.sprites+$400+3,x
   464 01,0563 A9 7E			lda #126
   465 01,0565 9D 04 05			sta shanti.sprites+$500+4,x
   466 01,0568 9D 05 05			sta shanti.sprites+$500+5,x
   467 01,056B 9D 06 04			sta shanti.sprites+$400+6,x
   468 01,056E 9D 07 04			sta shanti.sprites+$400+7,x
   469 01,0571 A9 BD			lda #189
   470 01,0573 9D 05 04			sta shanti.sprites+$400+5,x
   471 01,0576 9D 06 05			sta shanti.sprites+$500+6,x
   472 01,0579 9D 07 05			sta shanti.sprites+$500+7,x
   473 01,057C A9 FF			lda #255
   474 01,057E 9D 08 04			sta shanti.sprites+$400+8,x
   475
   476 01,0581 4C 00 00			jmp shanti.multi.ret01
   477
   478 01,0584			_23
   479 01,0584 A9 00			lda #0
   480 01,0586 9D 00 06			sta shanti.sprites+$600+0,x
   481 01,0589 9D 00 07			sta shanti.sprites+$700+0,x
   482 01,058C 9D 01 07			sta shanti.sprites+$700+1,x
   483 01,058F 9D 0B 07			sta shanti.sprites+$700+11,x
   484 01,0592 9D 0C 06			sta shanti.sprites+$600+12,x
   485 01,0595 9D 0C 07			sta shanti.sprites+$700+12,x
   486 01,0598 9D 0D 06			sta shanti.sprites+$600+13,x
   487 01,059B 9D 0D 07			sta shanti.sprites+$700+13,x
   488 01,059E 9D 0E 06			sta shanti.sprites+$600+14,x
   489 01,05A1 9D 0E 07			sta shanti.sprites+$700+14,x
   490 01,05A4 9D 0F 06			sta shanti.sprites+$600+15,x
   491 01,05A7 9D 0F 07			sta shanti.sprites+$700+15,x
   492 01,05AA A9 18			lda #24
   493 01,05AC 9D 01 06			sta shanti.sprites+$600+1,x
   494 01,05AF 9D 02 07			sta shanti.sprites+$700+2,x
   495 01,05B2 9D 09 06			sta shanti.sprites+$600+9,x
   496 01,05B5 9D 0A 07			sta shanti.sprites+$700+10,x
   497 01,05B8 9D 0B 06			sta shanti.sprites+$600+11,x
   498 01,05BB A9 24			lda #36
   499 01,05BD 9D 02 06			sta shanti.sprites+$600+2,x
   500 01,05C0 9D 0A 06			sta shanti.sprites+$600+10,x
   501 01,05C3 A9 3C			lda #60
   502 01,05C5 9D 03 07			sta shanti.sprites+$700+3,x
   503 01,05C8 9D 04 06			sta shanti.sprites+$600+4,x
   504 01,05CB 9D 08 07			sta shanti.sprites+$700+8,x
   505 01,05CE 9D 09 07			sta shanti.sprites+$700+9,x
   506 01,05D1 A9 5A			lda #90
   507 01,05D3 9D 03 06			sta shanti.sprites+$600+3,x
   508 01,05D6 A9 7E			lda #126
   509 01,05D8 9D 04 07			sta shanti.sprites+$700+4,x
   510 01,05DB 9D 05 07			sta shanti.sprites+$700+5,x
   511 01,05DE 9D 06 06			sta shanti.sprites+$600+6,x
   512 01,05E1 9D 07 06			sta shanti.sprites+$600+7,x
   513 01,05E4 A9 BD			lda #189
   514 01,05E6 9D 05 06			sta shanti.sprites+$600+5,x
   515 01,05E9 9D 06 07			sta shanti.sprites+$700+6,x
   516 01,05EC 9D 07 07			sta shanti.sprites+$700+7,x
   517 01,05EF A9 FF			lda #255
   518 01,05F1 9D 08 06			sta shanti.sprites+$600+8,x
   519
   520 01,05F4 4C 00 00			jmp shanti.multi.ret23
   521 				.endl
   522
   523 01,05F7			.local	shp5
   524
   525 01,05F7			_01
   526 01,05F7 A9 00			lda #0
   527 01,05F9 9D 00 04			sta shanti.sprites+$400+0,x
   528 01,05FC 9D 00 05			sta shanti.sprites+$500+0,x
   529 01,05FF 9D 03 05			sta shanti.sprites+$500+3,x
   530 01,0602 9D 0B 05			sta shanti.sprites+$500+11,x
   531 01,0605 9D 0C 04			sta shanti.sprites+$400+12,x
   532 01,0608 9D 0C 05			sta shanti.sprites+$500+12,x
   533 01,060B 9D 0D 04			sta shanti.sprites+$400+13,x
   534 01,060E 9D 0D 05			sta shanti.sprites+$500+13,x
   535 01,0611 9D 0E 04			sta shanti.sprites+$400+14,x
   536 01,0614 9D 0E 05			sta shanti.sprites+$500+14,x
   537 01,0617 9D 0F 04			sta shanti.sprites+$400+15,x
   538 01,061A 9D 0F 05			sta shanti.sprites+$500+15,x
   539 01,061D A9 08			lda #8
   540 01,061F 9D 02 04			sta shanti.sprites+$400+2,x
   541 01,0622 A9 10			lda #16
   542 01,0624 9D 01 05			sta shanti.sprites+$500+1,x
   543 01,0627 9D 02 05			sta shanti.sprites+$500+2,x
   544 01,062A A9 18			lda #24
   545 01,062C 9D 01 04			sta shanti.sprites+$400+1,x
   546 01,062F 9D 03 04			sta shanti.sprites+$400+3,x
   547 01,0632 9D 04 05			sta shanti.sprites+$500+4,x
   548 01,0635 9D 0A 05			sta shanti.sprites+$500+10,x
   549 01,0638 9D 0B 04			sta shanti.sprites+$400+11,x
   550 01,063B A9 24			lda #36
   551 01,063D 9D 04 04			sta shanti.sprites+$400+4,x
   552 01,0640 9D 0A 04			sta shanti.sprites+$400+10,x
   553 01,0643 A9 3C			lda #60
   554 01,0645 9D 05 05			sta shanti.sprites+$500+5,x
   555 01,0648 9D 07 04			sta shanti.sprites+$400+7,x
   556 01,064B 9D 08 04			sta shanti.sprites+$400+8,x
   557 01,064E 9D 09 05			sta shanti.sprites+$500+9,x
   558 01,0651 A9 5A			lda #90
   559 01,0653 9D 05 04			sta shanti.sprites+$400+5,x
   560 01,0656 A9 7E			lda #126
   561 01,0658 9D 06 05			sta shanti.sprites+$500+6,x
   562 01,065B A9 BD			lda #189
   563 01,065D 9D 06 04			sta shanti.sprites+$400+6,x
   564 01,0660 A9 DB			lda #219
   565 01,0662 9D 09 04			sta shanti.sprites+$400+9,x
   566 01,0665 A9 FF			lda #255
   567 01,0667 9D 07 05			sta shanti.sprites+$500+7,x
   568 01,066A 9D 08 05			sta shanti.sprites+$500+8,x
   569
   570 01,066D 4C 00 00			jmp shanti.multi.ret01
   571
   572 01,0670			_23
   573 01,0670 A9 00			lda #0
   574 01,0672 9D 00 06			sta shanti.sprites+$600+0,x
   575 01,0675 9D 00 07			sta shanti.sprites+$700+0,x
   576 01,0678 9D 03 07			sta shanti.sprites+$700+3,x
   577 01,067B 9D 0B 07			sta shanti.sprites+$700+11,x
   578 01,067E 9D 0C 06			sta shanti.sprites+$600+12,x
   579 01,0681 9D 0C 07			sta shanti.sprites+$700+12,x
   580 01,0684 9D 0D 06			sta shanti.sprites+$600+13,x
   581 01,0687 9D 0D 07			sta shanti.sprites+$700+13,x
   582 01,068A 9D 0E 06			sta shanti.sprites+$600+14,x
   583 01,068D 9D 0E 07			sta shanti.sprites+$700+14,x
   584 01,0690 9D 0F 06			sta shanti.sprites+$600+15,x
   585 01,0693 9D 0F 07			sta shanti.sprites+$700+15,x
   586 01,0696 A9 08			lda #8
   587 01,0698 9D 02 06			sta shanti.sprites+$600+2,x
   588 01,069B A9 10			lda #16
   589 01,069D 9D 01 07			sta shanti.sprites+$700+1,x
   590 01,06A0 9D 02 07			sta shanti.sprites+$700+2,x
   591 01,06A3 A9 18			lda #24
   592 01,06A5 9D 01 06			sta shanti.sprites+$600+1,x
   593 01,06A8 9D 03 06			sta shanti.sprites+$600+3,x
   594 01,06AB 9D 04 07			sta shanti.sprites+$700+4,x
   595 01,06AE 9D 0A 07			sta shanti.sprites+$700+10,x
   596 01,06B1 9D 0B 06			sta shanti.sprites+$600+11,x
   597 01,06B4 A9 24			lda #36
   598 01,06B6 9D 04 06			sta shanti.sprites+$600+4,x
   599 01,06B9 9D 0A 06			sta shanti.sprites+$600+10,x
   600 01,06BC A9 3C			lda #60
   601 01,06BE 9D 05 07			sta shanti.sprites+$700+5,x
   602 01,06C1 9D 07 06			sta shanti.sprites+$600+7,x
   603 01,06C4 9D 08 06			sta shanti.sprites+$600+8,x
   604 01,06C7 9D 09 07			sta shanti.sprites+$700+9,x
   605 01,06CA A9 5A			lda #90
   606 01,06CC 9D 05 06			sta shanti.sprites+$600+5,x
   607 01,06CF A9 7E			lda #126
   608 01,06D1 9D 06 07			sta shanti.sprites+$700+6,x
   609 01,06D4 A9 BD			lda #189
   610 01,06D6 9D 06 06			sta shanti.sprites+$600+6,x
   611 01,06D9 A9 DB			lda #219
   612 01,06DB 9D 09 06			sta shanti.sprites+$600+9,x
   613 01,06DE A9 FF			lda #255
   614 01,06E0 9D 07 07			sta shanti.sprites+$700+7,x
   615 01,06E3 9D 08 07			sta shanti.sprites+$700+8,x
   616
   617 01,06E6 4C 00 00			jmp shanti.multi.ret23
   618 				.endl
   619
   620 01,06E9			.local	shp6
   621
   622 01,06E9			_01
   623 01,06E9 A9 00			lda #0
   624 01,06EB 9D 00 04			sta shanti.sprites+$400+0,x
   625 01,06EE 9D 00 05			sta shanti.sprites+$500+0,x
   626 01,06F1 9D 01 04			sta shanti.sprites+$400+1,x
   627 01,06F4 9D 01 05			sta shanti.sprites+$500+1,x
   628 01,06F7 9D 0C 05			sta shanti.sprites+$500+12,x
   629 01,06FA 9D 0D 04			sta shanti.sprites+$400+13,x
   630 01,06FD 9D 0D 05			sta shanti.sprites+$500+13,x
   631 01,0700 9D 0E 04			sta shanti.sprites+$400+14,x
   632 01,0703 9D 0E 05			sta shanti.sprites+$500+14,x
   633 01,0706 9D 0F 04			sta shanti.sprites+$400+15,x
   634 01,0709 9D 0F 05			sta shanti.sprites+$500+15,x
   635 01,070C A9 08			lda #8
   636 01,070E 9D 02 04			sta shanti.sprites+$400+2,x
   637 01,0711 A9 10			lda #16
   638 01,0713 9D 02 05			sta shanti.sprites+$500+2,x
   639 01,0716 9D 03 05			sta shanti.sprites+$500+3,x
   640 01,0719 A9 18			lda #24
   641 01,071B 9D 05 04			sta shanti.sprites+$400+5,x
   642 01,071E 9D 06 05			sta shanti.sprites+$500+6,x
   643 01,0721 9D 0B 05			sta shanti.sprites+$500+11,x
   644 01,0724 9D 0C 04			sta shanti.sprites+$400+12,x
   645 01,0727 A9 24			lda #36
   646 01,0729 9D 0B 04			sta shanti.sprites+$400+11,x
   647 01,072C A9 34			lda #52
   648 01,072E 9D 04 05			sta shanti.sprites+$500+4,x
   649 01,0731 A9 3C			lda #60
   650 01,0733 9D 03 04			sta shanti.sprites+$400+3,x
   651 01,0736 9D 08 04			sta shanti.sprites+$400+8,x
   652 01,0739 9D 0A 05			sta shanti.sprites+$500+10,x
   653 01,073C A9 4A			lda #74
   654 01,073E 9D 04 04			sta shanti.sprites+$400+4,x
   655 01,0741 A9 5A			lda #90
   656 01,0743 9D 07 04			sta shanti.sprites+$400+7,x
   657 01,0746 9D 0A 04			sta shanti.sprites+$400+10,x
   658 01,0749 A9 66			lda #102
   659 01,074B 9D 05 05			sta shanti.sprites+$500+5,x
   660 01,074E A9 7E			lda #126
   661 01,0750 9D 09 05			sta shanti.sprites+$500+9,x
   662 01,0753 A9 BD			lda #189
   663 01,0755 9D 07 05			sta shanti.sprites+$500+7,x
   664 01,0758 9D 09 04			sta shanti.sprites+$400+9,x
   665 01,075B A9 E7			lda #231
   666 01,075D 9D 06 04			sta shanti.sprites+$400+6,x
   667 01,0760 A9 FF			lda #255
   668 01,0762 9D 08 05			sta shanti.sprites+$500+8,x
   669
   670 01,0765 4C 00 00			jmp shanti.multi.ret01
   671
   672 01,0768			_23
   673 01,0768 A9 00			lda #0
   674 01,076A 9D 00 06			sta shanti.sprites+$600+0,x
   675 01,076D 9D 00 07			sta shanti.sprites+$700+0,x
   676 01,0770 9D 01 06			sta shanti.sprites+$600+1,x
   677 01,0773 9D 01 07			sta shanti.sprites+$700+1,x
   678 01,0776 9D 0C 07			sta shanti.sprites+$700+12,x
   679 01,0779 9D 0D 06			sta shanti.sprites+$600+13,x
   680 01,077C 9D 0D 07			sta shanti.sprites+$700+13,x
   681 01,077F 9D 0E 06			sta shanti.sprites+$600+14,x
   682 01,0782 9D 0E 07			sta shanti.sprites+$700+14,x
   683 01,0785 9D 0F 06			sta shanti.sprites+$600+15,x
   684 01,0788 9D 0F 07			sta shanti.sprites+$700+15,x
   685 01,078B A9 08			lda #8
   686 01,078D 9D 02 06			sta shanti.sprites+$600+2,x
   687 01,0790 A9 10			lda #16
   688 01,0792 9D 02 07			sta shanti.sprites+$700+2,x
   689 01,0795 9D 03 07			sta shanti.sprites+$700+3,x
   690 01,0798 A9 18			lda #24
   691 01,079A 9D 05 06			sta shanti.sprites+$600+5,x
   692 01,079D 9D 06 07			sta shanti.sprites+$700+6,x
   693 01,07A0 9D 0B 07			sta shanti.sprites+$700+11,x
   694 01,07A3 9D 0C 06			sta shanti.sprites+$600+12,x
   695 01,07A6 A9 24			lda #36
   696 01,07A8 9D 0B 06			sta shanti.sprites+$600+11,x
   697 01,07AB A9 34			lda #52
   698 01,07AD 9D 04 07			sta shanti.sprites+$700+4,x
   699 01,07B0 A9 3C			lda #60
   700 01,07B2 9D 03 06			sta shanti.sprites+$600+3,x
   701 01,07B5 9D 08 06			sta shanti.sprites+$600+8,x
   702 01,07B8 9D 0A 07			sta shanti.sprites+$700+10,x
   703 01,07BB A9 4A			lda #74
   704 01,07BD 9D 04 06			sta shanti.sprites+$600+4,x
   705 01,07C0 A9 5A			lda #90
   706 01,07C2 9D 07 06			sta shanti.sprites+$600+7,x
   707 01,07C5 9D 0A 06			sta shanti.sprites+$600+10,x
   708 01,07C8 A9 66			lda #102
   709 01,07CA 9D 05 07			sta shanti.sprites+$700+5,x
   710 01,07CD A9 7E			lda #126
   711 01,07CF 9D 09 07			sta shanti.sprites+$700+9,x
   712 01,07D2 A9 BD			lda #189
   713 01,07D4 9D 07 07			sta shanti.sprites+$700+7,x
   714 01,07D7 9D 09 06			sta shanti.sprites+$600+9,x
   715 01,07DA A9 E7			lda #231
   716 01,07DC 9D 06 06			sta shanti.sprites+$600+6,x
   717 01,07DF A9 FF			lda #255
   718 01,07E1 9D 08 07			sta shanti.sprites+$700+8,x
   719
   720 01,07E4 4C 00 00			jmp shanti.multi.ret23
   721 				.endl
   722
   723 01,07E7			.local	shp7
   724
   725 01,07E7			_01
   726 01,07E7 A9 00			lda #0
   727 01,07E9 9D 00 04			sta shanti.sprites+$400+0,x
   728 01,07EC 9D 00 05			sta shanti.sprites+$500+0,x
   729 01,07EF 9D 01 05			sta shanti.sprites+$500+1,x
   730 01,07F2 9D 02 05			sta shanti.sprites+$500+2,x
   731 01,07F5 9D 0D 04			sta shanti.sprites+$400+13,x
   732 01,07F8 9D 0D 05			sta shanti.sprites+$500+13,x
   733 01,07FB 9D 0E 04			sta shanti.sprites+$400+14,x
   734 01,07FE 9D 0E 05			sta shanti.sprites+$500+14,x
   735 01,0801 9D 0F 04			sta shanti.sprites+$400+15,x
   736 01,0804 9D 0F 05			sta shanti.sprites+$500+15,x
   737 01,0807 A9 10			lda #16
   738 01,0809 9D 07 04			sta shanti.sprites+$400+7,x
   739 01,080C A9 18			lda #24
   740 01,080E 9D 01 04			sta shanti.sprites+$400+1,x
   741 01,0811 9D 04 04			sta shanti.sprites+$400+4,x
   742 01,0814 9D 09 05			sta shanti.sprites+$500+9,x
   743 01,0817 9D 0C 05			sta shanti.sprites+$500+12,x
   744 01,081A A9 24			lda #36
   745 01,081C 9D 03 05			sta shanti.sprites+$500+3,x
   746 01,081F 9D 0C 04			sta shanti.sprites+$400+12,x
   747 01,0822 A9 3C			lda #60
   748 01,0824 9D 02 04			sta shanti.sprites+$400+2,x
   749 01,0827 9D 0A 05			sta shanti.sprites+$500+10,x
   750 01,082A 9D 0B 05			sta shanti.sprites+$500+11,x
   751 01,082D A9 58			lda #88
   752 01,082F 9D 08 04			sta shanti.sprites+$400+8,x
   753 01,0832 A9 5A			lda #90
   754 01,0834 9D 03 04			sta shanti.sprites+$400+3,x
   755 01,0837 9D 0A 04			sta shanti.sprites+$400+10,x
   756 01,083A 9D 0B 04			sta shanti.sprites+$400+11,x
   757 01,083D A9 66			lda #102
   758 01,083F 9D 06 04			sta shanti.sprites+$400+6,x
   759 01,0842 A9 76			lda #118
   760 01,0844 9D 04 05			sta shanti.sprites+$500+4,x
   761 01,0847 9D 05 05			sta shanti.sprites+$500+5,x
   762 01,084A A9 81			lda #129
   763 01,084C 9D 08 05			sta shanti.sprites+$500+8,x
   764 01,084F A9 89			lda #137
   765 01,0851 9D 07 05			sta shanti.sprites+$500+7,x
   766 01,0854 A9 99			lda #153
   767 01,0856 9D 06 05			sta shanti.sprites+$500+6,x
   768 01,0859 A9 CD			lda #205
   769 01,085B 9D 05 04			sta shanti.sprites+$400+5,x
   770 01,085E A9 E7			lda #231
   771 01,0860 9D 09 04			sta shanti.sprites+$400+9,x
   772
   773 01,0863 4C 00 00			jmp shanti.multi.ret01
   774
   775 01,0866			_23
   776 01,0866 A9 00			lda #0
   777 01,0868 9D 00 06			sta shanti.sprites+$600+0,x
   778 01,086B 9D 00 07			sta shanti.sprites+$700+0,x
   779 01,086E 9D 01 07			sta shanti.sprites+$700+1,x
   780 01,0871 9D 02 07			sta shanti.sprites+$700+2,x
   781 01,0874 9D 0D 06			sta shanti.sprites+$600+13,x
   782 01,0877 9D 0D 07			sta shanti.sprites+$700+13,x
   783 01,087A 9D 0E 06			sta shanti.sprites+$600+14,x
   784 01,087D 9D 0E 07			sta shanti.sprites+$700+14,x
   785 01,0880 9D 0F 06			sta shanti.sprites+$600+15,x
   786 01,0883 9D 0F 07			sta shanti.sprites+$700+15,x
   787 01,0886 A9 10			lda #16
   788 01,0888 9D 07 06			sta shanti.sprites+$600+7,x
   789 01,088B A9 18			lda #24
   790 01,088D 9D 01 06			sta shanti.sprites+$600+1,x
   791 01,0890 9D 04 06			sta shanti.sprites+$600+4,x
   792 01,0893 9D 09 07			sta shanti.sprites+$700+9,x
   793 01,0896 9D 0C 07			sta shanti.sprites+$700+12,x
   794 01,0899 A9 24			lda #36
   795 01,089B 9D 03 07			sta shanti.sprites+$700+3,x
   796 01,089E 9D 0C 06			sta shanti.sprites+$600+12,x
   797 01,08A1 A9 3C			lda #60
   798 01,08A3 9D 02 06			sta shanti.sprites+$600+2,x
   799 01,08A6 9D 0A 07			sta shanti.sprites+$700+10,x
   800 01,08A9 9D 0B 07			sta shanti.sprites+$700+11,x
   801 01,08AC A9 58			lda #88
   802 01,08AE 9D 08 06			sta shanti.sprites+$600+8,x
   803 01,08B1 A9 5A			lda #90
   804 01,08B3 9D 03 06			sta shanti.sprites+$600+3,x
   805 01,08B6 9D 0A 06			sta shanti.sprites+$600+10,x
   806 01,08B9 9D 0B 06			sta shanti.sprites+$600+11,x
   807 01,08BC A9 66			lda #102
   808 01,08BE 9D 06 06			sta shanti.sprites+$600+6,x
   809 01,08C1 A9 76			lda #118
   810 01,08C3 9D 04 07			sta shanti.sprites+$700+4,x
   811 01,08C6 9D 05 07			sta shanti.sprites+$700+5,x
   812 01,08C9 A9 81			lda #129
   813 01,08CB 9D 08 07			sta shanti.sprites+$700+8,x
   814 01,08CE A9 89			lda #137
   815 01,08D0 9D 07 07			sta shanti.sprites+$700+7,x
   816 01,08D3 A9 99			lda #153
   817 01,08D5 9D 06 07			sta shanti.sprites+$700+6,x
   818 01,08D8 A9 CD			lda #205
   819 01,08DA 9D 05 06			sta shanti.sprites+$600+5,x
   820 01,08DD A9 E7			lda #231
   821 01,08DF 9D 09 06			sta shanti.sprites+$600+9,x
   822
   823 01,08E2 4C 00 00			jmp shanti.multi.ret23
   824 				.endl
   825
   826 01,08E5			.local	shp8
   827
   828 01,08E5			_01
   829 01,08E5 A9 00			lda #0
   830 01,08E7 9D 00 05			sta shanti.sprites+$500+0,x
   831 01,08EA 9D 09 05			sta shanti.sprites+$500+9,x
   832 01,08ED 9D 0E 04			sta shanti.sprites+$400+14,x
   833 01,08F0 9D 0E 05			sta shanti.sprites+$500+14,x
   834 01,08F3 9D 0F 04			sta shanti.sprites+$400+15,x
   835 01,08F6 9D 0F 05			sta shanti.sprites+$500+15,x
   836 01,08F9 A9 18			lda #24
   837 01,08FB 9D 00 04			sta shanti.sprites+$400+0,x
   838 01,08FE 9D 01 05			sta shanti.sprites+$500+1,x
   839 01,0901 9D 08 04			sta shanti.sprites+$400+8,x
   840 01,0904 9D 0B 05			sta shanti.sprites+$500+11,x
   841 01,0907 9D 0D 05			sta shanti.sprites+$500+13,x
   842 01,090A A9 24			lda #36
   843 01,090C 9D 01 04			sta shanti.sprites+$400+1,x
   844 01,090F 9D 02 05			sta shanti.sprites+$500+2,x
   845 01,0912 9D 0D 04			sta shanti.sprites+$400+13,x
   846 01,0915 A9 3C			lda #60
   847 01,0917 9D 0C 05			sta shanti.sprites+$500+12,x
   848 01,091A A9 44			lda #68
   849 01,091C 9D 0A 05			sta shanti.sprites+$500+10,x
   850 01,091F A9 5A			lda #90
   851 01,0921 9D 02 04			sta shanti.sprites+$400+2,x
   852 01,0924 9D 0C 04			sta shanti.sprites+$400+12,x
   853 01,0927 A9 5E			lda #94
   854 01,0929 9D 05 04			sta shanti.sprites+$400+5,x
   855 01,092C A9 64			lda #100
   856 01,092E 9D 03 04			sta shanti.sprites+$400+3,x
   857 01,0931 A9 66			lda #102
   858 01,0933 9D 04 05			sta shanti.sprites+$500+4,x
   859 01,0936 9D 0B 04			sta shanti.sprites+$400+11,x
   860 01,0939 A9 7E			lda #126
   861 01,093B 9D 03 05			sta shanti.sprites+$500+3,x
   862 01,093E A9 81			lda #129
   863 01,0940 9D 08 05			sta shanti.sprites+$500+8,x
   864 01,0943 9D 09 04			sta shanti.sprites+$400+9,x
   865 01,0946 A9 99			lda #153
   866 01,0948 9D 07 05			sta shanti.sprites+$500+7,x
   867 01,094B A9 D9			lda #217
   868 01,094D 9D 06 04			sta shanti.sprites+$400+6,x
   869 01,0950 A9 DD			lda #221
   870 01,0952 9D 0A 04			sta shanti.sprites+$400+10,x
   871 01,0955 A9 E6			lda #230
   872 01,0957 9D 07 04			sta shanti.sprites+$400+7,x
   873 01,095A A9 F7			lda #247
   874 01,095C 9D 05 05			sta shanti.sprites+$500+5,x
   875 01,095F 9D 06 05			sta shanti.sprites+$500+6,x
   876 01,0962 A9 FF			lda #255
   877 01,0964 9D 04 04			sta shanti.sprites+$400+4,x
   878
   879 01,0967 4C 00 00			jmp shanti.multi.ret01
   880
   881 01,096A			_23
   882 01,096A A9 00			lda #0
   883 01,096C 9D 00 07			sta shanti.sprites+$700+0,x
   884 01,096F 9D 09 07			sta shanti.sprites+$700+9,x
   885 01,0972 9D 0E 06			sta shanti.sprites+$600+14,x
   886 01,0975 9D 0E 07			sta shanti.sprites+$700+14,x
   887 01,0978 9D 0F 06			sta shanti.sprites+$600+15,x
   888 01,097B 9D 0F 07			sta shanti.sprites+$700+15,x
   889 01,097E A9 18			lda #24
   890 01,0980 9D 00 06			sta shanti.sprites+$600+0,x
   891 01,0983 9D 01 07			sta shanti.sprites+$700+1,x
   892 01,0986 9D 08 06			sta shanti.sprites+$600+8,x
   893 01,0989 9D 0B 07			sta shanti.sprites+$700+11,x
   894 01,098C 9D 0D 07			sta shanti.sprites+$700+13,x
   895 01,098F A9 24			lda #36
   896 01,0991 9D 01 06			sta shanti.sprites+$600+1,x
   897 01,0994 9D 02 07			sta shanti.sprites+$700+2,x
   898 01,0997 9D 0D 06			sta shanti.sprites+$600+13,x
   899 01,099A A9 3C			lda #60
   900 01,099C 9D 0C 07			sta shanti.sprites+$700+12,x
   901 01,099F A9 44			lda #68
   902 01,09A1 9D 0A 07			sta shanti.sprites+$700+10,x
   903 01,09A4 A9 5A			lda #90
   904 01,09A6 9D 02 06			sta shanti.sprites+$600+2,x
   905 01,09A9 9D 0C 06			sta shanti.sprites+$600+12,x
   906 01,09AC A9 5E			lda #94
   907 01,09AE 9D 05 06			sta shanti.sprites+$600+5,x
   908 01,09B1 A9 64			lda #100
   909 01,09B3 9D 03 06			sta shanti.sprites+$600+3,x
   910 01,09B6 A9 66			lda #102
   911 01,09B8 9D 04 07			sta shanti.sprites+$700+4,x
   912 01,09BB 9D 0B 06			sta shanti.sprites+$600+11,x
   913 01,09BE A9 7E			lda #126
   914 01,09C0 9D 03 07			sta shanti.sprites+$700+3,x
   915 01,09C3 A9 81			lda #129
   916 01,09C5 9D 08 07			sta shanti.sprites+$700+8,x
   917 01,09C8 9D 09 06			sta shanti.sprites+$600+9,x
   918 01,09CB A9 99			lda #153
   919 01,09CD 9D 07 07			sta shanti.sprites+$700+7,x
   920 01,09D0 A9 D9			lda #217
   921 01,09D2 9D 06 06			sta shanti.sprites+$600+6,x
   922 01,09D5 A9 DD			lda #221
   923 01,09D7 9D 0A 06			sta shanti.sprites+$600+10,x
   924 01,09DA A9 E6			lda #230
   925 01,09DC 9D 07 06			sta shanti.sprites+$600+7,x
   926 01,09DF A9 F7			lda #247
   927 01,09E1 9D 05 07			sta shanti.sprites+$700+5,x
   928 01,09E4 9D 06 07			sta shanti.sprites+$700+6,x
   929 01,09E7 A9 FF			lda #255
   930 01,09E9 9D 04 06			sta shanti.sprites+$600+4,x
   931
   932 01,09EC 4C 00 00			jmp shanti.multi.ret23
   933 				.endl
   934
   935 01,09EF			.local	shp9
   936
   937 01,09EF			_01
   938 01,09EF A9 00			lda #0
   939 01,09F1 9D 00 04			sta shanti.sprites+$400+0,x
   940 01,09F4 9D 00 05			sta shanti.sprites+$500+0,x
   941 01,09F7 9D 01 04			sta shanti.sprites+$400+1,x
   942 01,09FA 9D 01 05			sta shanti.sprites+$500+1,x
   943 01,09FD 9D 0A 05			sta shanti.sprites+$500+10,x
   944 01,0A00 9D 0B 05			sta shanti.sprites+$500+11,x
   945 01,0A03 9D 0D 05			sta shanti.sprites+$500+13,x
   946 01,0A06 9D 0E 04			sta shanti.sprites+$400+14,x
   947 01,0A09 9D 0E 05			sta shanti.sprites+$500+14,x
   948 01,0A0C 9D 0F 04			sta shanti.sprites+$400+15,x
   949 01,0A0F 9D 0F 05			sta shanti.sprites+$500+15,x
   950 01,0A12 A9 18			lda #24
   951 01,0A14 9D 02 05			sta shanti.sprites+$500+2,x
   952 01,0A17 9D 07 04			sta shanti.sprites+$400+7,x
   953 01,0A1A 9D 09 05			sta shanti.sprites+$500+9,x
   954 01,0A1D 9D 0C 05			sta shanti.sprites+$500+12,x
   955 01,0A20 9D 0D 04			sta shanti.sprites+$400+13,x
   956 01,0A23 A9 24			lda #36
   957 01,0A25 9D 02 04			sta shanti.sprites+$400+2,x
   958 01,0A28 9D 03 05			sta shanti.sprites+$500+3,x
   959 01,0A2B 9D 0C 04			sta shanti.sprites+$400+12,x
   960 01,0A2E A9 3C			lda #60
   961 01,0A30 9D 04 04			sta shanti.sprites+$400+4,x
   962 01,0A33 A9 5A			lda #90
   963 01,0A35 9D 03 04			sta shanti.sprites+$400+3,x
   964 01,0A38 9D 0B 04			sta shanti.sprites+$400+11,x
   965 01,0A3B A9 66			lda #102
   966 01,0A3D 9D 05 04			sta shanti.sprites+$400+5,x
   967 01,0A40 9D 06 05			sta shanti.sprites+$500+6,x
   968 01,0A43 A9 7E			lda #126
   969 01,0A45 9D 04 05			sta shanti.sprites+$500+4,x
   970 01,0A48 9D 05 05			sta shanti.sprites+$500+5,x
   971 01,0A4B 9D 08 04			sta shanti.sprites+$400+8,x
   972 01,0A4E A9 81			lda #129
   973 01,0A50 9D 09 04			sta shanti.sprites+$400+9,x
   974 01,0A53 A9 91			lda #145
   975 01,0A55 9D 08 05			sta shanti.sprites+$500+8,x
   976 01,0A58 A9 99			lda #153
   977 01,0A5A 9D 0A 04			sta shanti.sprites+$400+10,x
   978 01,0A5D A9 DB			lda #219
   979 01,0A5F 9D 06 04			sta shanti.sprites+$400+6,x
   980 01,0A62 A9 F7			lda #247
   981 01,0A64 9D 07 05			sta shanti.sprites+$500+7,x
   982
   983 01,0A67 4C 00 00			jmp shanti.multi.ret01
   984
   985 01,0A6A			_23
   986 01,0A6A A9 00			lda #0
   987 01,0A6C 9D 00 06			sta shanti.sprites+$600+0,x
   988 01,0A6F 9D 00 07			sta shanti.sprites+$700+0,x
   989 01,0A72 9D 01 06			sta shanti.sprites+$600+1,x
   990 01,0A75 9D 01 07			sta shanti.sprites+$700+1,x
   991 01,0A78 9D 0A 07			sta shanti.sprites+$700+10,x
   992 01,0A7B 9D 0B 07			sta shanti.sprites+$700+11,x
   993 01,0A7E 9D 0D 07			sta shanti.sprites+$700+13,x
   994 01,0A81 9D 0E 06			sta shanti.sprites+$600+14,x
   995 01,0A84 9D 0E 07			sta shanti.sprites+$700+14,x
   996 01,0A87 9D 0F 06			sta shanti.sprites+$600+15,x
   997 01,0A8A 9D 0F 07			sta shanti.sprites+$700+15,x
   998 01,0A8D A9 18			lda #24
   999 01,0A8F 9D 02 07			sta shanti.sprites+$700+2,x
  1000 01,0A92 9D 07 06			sta shanti.sprites+$600+7,x
  1001 01,0A95 9D 09 07			sta shanti.sprites+$700+9,x
  1002 01,0A98 9D 0C 07			sta shanti.sprites+$700+12,x
  1003 01,0A9B 9D 0D 06			sta shanti.sprites+$600+13,x
  1004 01,0A9E A9 24			lda #36
  1005 01,0AA0 9D 02 06			sta shanti.sprites+$600+2,x
  1006 01,0AA3 9D 03 07			sta shanti.sprites+$700+3,x
  1007 01,0AA6 9D 0C 06			sta shanti.sprites+$600+12,x
  1008 01,0AA9 A9 3C			lda #60
  1009 01,0AAB 9D 04 06			sta shanti.sprites+$600+4,x
  1010 01,0AAE A9 5A			lda #90
  1011 01,0AB0 9D 03 06			sta shanti.sprites+$600+3,x
  1012 01,0AB3 9D 0B 06			sta shanti.sprites+$600+11,x
  1013 01,0AB6 A9 66			lda #102
  1014 01,0AB8 9D 05 06			sta shanti.sprites+$600+5,x
  1015 01,0ABB 9D 06 07			sta shanti.sprites+$700+6,x
  1016 01,0ABE A9 7E			lda #126
  1017 01,0AC0 9D 04 07			sta shanti.sprites+$700+4,x
  1018 01,0AC3 9D 05 07			sta shanti.sprites+$700+5,x
  1019 01,0AC6 9D 08 06			sta shanti.sprites+$600+8,x
  1020 01,0AC9 A9 81			lda #129
  1021 01,0ACB 9D 09 06			sta shanti.sprites+$600+9,x
  1022 01,0ACE A9 91			lda #145
  1023 01,0AD0 9D 08 07			sta shanti.sprites+$700+8,x
  1024 01,0AD3 A9 99			lda #153
  1025 01,0AD5 9D 0A 06			sta shanti.sprites+$600+10,x
  1026 01,0AD8 A9 DB			lda #219
  1027 01,0ADA 9D 06 06			sta shanti.sprites+$600+6,x
  1028 01,0ADD A9 F7			lda #247
  1029 01,0ADF 9D 07 07			sta shanti.sprites+$700+7,x
  1030
  1031 01,0AE2 4C 00 00			jmp shanti.multi.ret23
  1032 				.endl
  1033
  1034 01,0AE5			.local	shp10
  1035
  1036 01,0AE5			_01
  1037 01,0AE5 A9 00			lda #0
  1038 01,0AE7 9D 00 04			sta shanti.sprites+$400+0,x
  1039 01,0AEA 9D 00 05			sta shanti.sprites+$500+0,x
  1040 01,0AED 9D 03 05			sta shanti.sprites+$500+3,x
  1041 01,0AF0 9D 0B 05			sta shanti.sprites+$500+11,x
  1042 01,0AF3 9D 0C 04			sta shanti.sprites+$400+12,x
  1043 01,0AF6 9D 0C 05			sta shanti.sprites+$500+12,x
  1044 01,0AF9 9D 0D 04			sta shanti.sprites+$400+13,x
  1045 01,0AFC 9D 0D 05			sta shanti.sprites+$500+13,x
  1046 01,0AFF 9D 0E 04			sta shanti.sprites+$400+14,x
  1047 01,0B02 9D 0E 05			sta shanti.sprites+$500+14,x
  1048 01,0B05 9D 0F 04			sta shanti.sprites+$400+15,x
  1049 01,0B08 9D 0F 05			sta shanti.sprites+$500+15,x
  1050 01,0B0B A9 08			lda #8
  1051 01,0B0D 9D 02 04			sta shanti.sprites+$400+2,x
  1052 01,0B10 A9 10			lda #16
  1053 01,0B12 9D 01 05			sta shanti.sprites+$500+1,x
  1054 01,0B15 9D 02 05			sta shanti.sprites+$500+2,x
  1055 01,0B18 A9 18			lda #24
  1056 01,0B1A 9D 01 04			sta shanti.sprites+$400+1,x
  1057 01,0B1D 9D 03 04			sta shanti.sprites+$400+3,x
  1058 01,0B20 9D 04 05			sta shanti.sprites+$500+4,x
  1059 01,0B23 9D 06 04			sta shanti.sprites+$400+6,x
  1060 01,0B26 9D 0A 05			sta shanti.sprites+$500+10,x
  1061 01,0B29 9D 0B 04			sta shanti.sprites+$400+11,x
  1062 01,0B2C A9 24			lda #36
  1063 01,0B2E 9D 04 04			sta shanti.sprites+$400+4,x
  1064 01,0B31 9D 07 04			sta shanti.sprites+$400+7,x
  1065 01,0B34 9D 0A 04			sta shanti.sprites+$400+10,x
  1066 01,0B37 A9 3C			lda #60
  1067 01,0B39 9D 05 05			sta shanti.sprites+$500+5,x
  1068 01,0B3C 9D 09 05			sta shanti.sprites+$500+9,x
  1069 01,0B3F A9 5A			lda #90
  1070 01,0B41 9D 09 04			sta shanti.sprites+$400+9,x
  1071 01,0B44 A9 7E			lda #126
  1072 01,0B46 9D 08 05			sta shanti.sprites+$500+8,x
  1073 01,0B49 A9 BD			lda #189
  1074 01,0B4B 9D 08 04			sta shanti.sprites+$400+8,x
  1075 01,0B4E A9 C3			lda #195
  1076 01,0B50 9D 05 04			sta shanti.sprites+$400+5,x
  1077 01,0B53 A9 E7			lda #231
  1078 01,0B55 9D 06 05			sta shanti.sprites+$500+6,x
  1079 01,0B58 A9 FF			lda #255
  1080 01,0B5A 9D 07 05			sta shanti.sprites+$500+7,x
  1081
  1082 01,0B5D 4C 00 00			jmp shanti.multi.ret01
  1083
  1084 01,0B60			_23
  1085 01,0B60 A9 00			lda #0
  1086 01,0B62 9D 00 06			sta shanti.sprites+$600+0,x
  1087 01,0B65 9D 00 07			sta shanti.sprites+$700+0,x
  1088 01,0B68 9D 03 07			sta shanti.sprites+$700+3,x
  1089 01,0B6B 9D 0B 07			sta shanti.sprites+$700+11,x
  1090 01,0B6E 9D 0C 06			sta shanti.sprites+$600+12,x
  1091 01,0B71 9D 0C 07			sta shanti.sprites+$700+12,x
  1092 01,0B74 9D 0D 06			sta shanti.sprites+$600+13,x
  1093 01,0B77 9D 0D 07			sta shanti.sprites+$700+13,x
  1094 01,0B7A 9D 0E 06			sta shanti.sprites+$600+14,x
  1095 01,0B7D 9D 0E 07			sta shanti.sprites+$700+14,x
  1096 01,0B80 9D 0F 06			sta shanti.sprites+$600+15,x
  1097 01,0B83 9D 0F 07			sta shanti.sprites+$700+15,x
  1098 01,0B86 A9 08			lda #8
  1099 01,0B88 9D 02 06			sta shanti.sprites+$600+2,x
  1100 01,0B8B A9 10			lda #16
  1101 01,0B8D 9D 01 07			sta shanti.sprites+$700+1,x
  1102 01,0B90 9D 02 07			sta shanti.sprites+$700+2,x
  1103 01,0B93 A9 18			lda #24
  1104 01,0B95 9D 01 06			sta shanti.sprites+$600+1,x
  1105 01,0B98 9D 03 06			sta shanti.sprites+$600+3,x
  1106 01,0B9B 9D 04 07			sta shanti.sprites+$700+4,x
  1107 01,0B9E 9D 06 06			sta shanti.sprites+$600+6,x
  1108 01,0BA1 9D 0A 07			sta shanti.sprites+$700+10,x
  1109 01,0BA4 9D 0B 06			sta shanti.sprites+$600+11,x
  1110 01,0BA7 A9 24			lda #36
  1111 01,0BA9 9D 04 06			sta shanti.sprites+$600+4,x
  1112 01,0BAC 9D 07 06			sta shanti.sprites+$600+7,x
  1113 01,0BAF 9D 0A 06			sta shanti.sprites+$600+10,x
  1114 01,0BB2 A9 3C			lda #60
  1115 01,0BB4 9D 05 07			sta shanti.sprites+$700+5,x
  1116 01,0BB7 9D 09 07			sta shanti.sprites+$700+9,x
  1117 01,0BBA A9 5A			lda #90
  1118 01,0BBC 9D 09 06			sta shanti.sprites+$600+9,x
  1119 01,0BBF A9 7E			lda #126
  1120 01,0BC1 9D 08 07			sta shanti.sprites+$700+8,x
  1121 01,0BC4 A9 BD			lda #189
  1122 01,0BC6 9D 08 06			sta shanti.sprites+$600+8,x
  1123 01,0BC9 A9 C3			lda #195
  1124 01,0BCB 9D 05 06			sta shanti.sprites+$600+5,x
  1125 01,0BCE A9 E7			lda #231
  1126 01,0BD0 9D 06 07			sta shanti.sprites+$700+6,x
  1127 01,0BD3 A9 FF			lda #255
  1128 01,0BD5 9D 07 07			sta shanti.sprites+$700+7,x
  1129
  1130 01,0BD8 4C 00 00			jmp shanti.multi.ret23
  1131 				.endl
  1132
  1133 01,0BDB			.local	shp11
  1134
  1135 01,0BDB			_01
  1136 01,0BDB A9 00			lda #0
  1137 01,0BDD 9D 00 04			sta shanti.sprites+$400+0,x
  1138 01,0BE0 9D 00 05			sta shanti.sprites+$500+0,x
  1139 01,0BE3 9D 01 04			sta shanti.sprites+$400+1,x
  1140 01,0BE6 9D 01 05			sta shanti.sprites+$500+1,x
  1141 01,0BE9 9D 05 05			sta shanti.sprites+$500+5,x
  1142 01,0BEC 9D 0C 05			sta shanti.sprites+$500+12,x
  1143 01,0BEF 9D 0D 04			sta shanti.sprites+$400+13,x
  1144 01,0BF2 9D 0D 05			sta shanti.sprites+$500+13,x
  1145 01,0BF5 9D 0E 04			sta shanti.sprites+$400+14,x
  1146 01,0BF8 9D 0E 05			sta shanti.sprites+$500+14,x
  1147 01,0BFB 9D 0F 04			sta shanti.sprites+$400+15,x
  1148 01,0BFE 9D 0F 05			sta shanti.sprites+$500+15,x
  1149 01,0C01 A9 10			lda #16
  1150 01,0C03 9D 02 05			sta shanti.sprites+$500+2,x
  1151 01,0C06 9D 04 05			sta shanti.sprites+$500+4,x
  1152 01,0C09 A9 18			lda #24
  1153 01,0C0B 9D 0B 05			sta shanti.sprites+$500+11,x
  1154 01,0C0E 9D 0C 04			sta shanti.sprites+$400+12,x
  1155 01,0C11 A9 24			lda #36
  1156 01,0C13 9D 0B 04			sta shanti.sprites+$400+11,x
  1157 01,0C16 A9 2C			lda #44
  1158 01,0C18 9D 02 04			sta shanti.sprites+$400+2,x
  1159 01,0C1B A9 34			lda #52
  1160 01,0C1D 9D 03 05			sta shanti.sprites+$500+3,x
  1161 01,0C20 A9 3C			lda #60
  1162 01,0C22 9D 09 05			sta shanti.sprites+$500+9,x
  1163 01,0C25 9D 0A 05			sta shanti.sprites+$500+10,x
  1164 01,0C28 A9 46			lda #70
  1165 01,0C2A 9D 06 04			sta shanti.sprites+$400+6,x
  1166 01,0C2D A9 5A			lda #90
  1167 01,0C2F 9D 03 04			sta shanti.sprites+$400+3,x
  1168 01,0C32 9D 0A 04			sta shanti.sprites+$400+10,x
  1169 01,0C35 A9 66			lda #102
  1170 01,0C37 9D 07 04			sta shanti.sprites+$400+7,x
  1171 01,0C3A 9D 08 05			sta shanti.sprites+$500+8,x
  1172 01,0C3D 9D 09 04			sta shanti.sprites+$400+9,x
  1173 01,0C40 A9 6E			lda #110
  1174 01,0C42 9D 04 04			sta shanti.sprites+$400+4,x
  1175 01,0C45 A9 99			lda #153
  1176 01,0C47 9D 05 04			sta shanti.sprites+$400+5,x
  1177 01,0C4A A9 B9			lda #185
  1178 01,0C4C 9D 06 05			sta shanti.sprites+$500+6,x
  1179 01,0C4F A9 DB			lda #219
  1180 01,0C51 9D 08 04			sta shanti.sprites+$400+8,x
  1181 01,0C54 A9 FF			lda #255
  1182 01,0C56 9D 07 05			sta shanti.sprites+$500+7,x
  1183
  1184 01,0C59 4C 00 00			jmp shanti.multi.ret01
  1185
  1186 01,0C5C			_23
  1187 01,0C5C A9 00			lda #0
  1188 01,0C5E 9D 00 06			sta shanti.sprites+$600+0,x
  1189 01,0C61 9D 00 07			sta shanti.sprites+$700+0,x
  1190 01,0C64 9D 01 06			sta shanti.sprites+$600+1,x
  1191 01,0C67 9D 01 07			sta shanti.sprites+$700+1,x
  1192 01,0C6A 9D 05 07			sta shanti.sprites+$700+5,x
  1193 01,0C6D 9D 0C 07			sta shanti.sprites+$700+12,x
  1194 01,0C70 9D 0D 06			sta shanti.sprites+$600+13,x
  1195 01,0C73 9D 0D 07			sta shanti.sprites+$700+13,x
  1196 01,0C76 9D 0E 06			sta shanti.sprites+$600+14,x
  1197 01,0C79 9D 0E 07			sta shanti.sprites+$700+14,x
  1198 01,0C7C 9D 0F 06			sta shanti.sprites+$600+15,x
  1199 01,0C7F 9D 0F 07			sta shanti.sprites+$700+15,x
  1200 01,0C82 A9 10			lda #16
  1201 01,0C84 9D 02 07			sta shanti.sprites+$700+2,x
  1202 01,0C87 9D 04 07			sta shanti.sprites+$700+4,x
  1203 01,0C8A A9 18			lda #24
  1204 01,0C8C 9D 0B 07			sta shanti.sprites+$700+11,x
  1205 01,0C8F 9D 0C 06			sta shanti.sprites+$600+12,x
  1206 01,0C92 A9 24			lda #36
  1207 01,0C94 9D 0B 06			sta shanti.sprites+$600+11,x
  1208 01,0C97 A9 2C			lda #44
  1209 01,0C99 9D 02 06			sta shanti.sprites+$600+2,x
  1210 01,0C9C A9 34			lda #52
  1211 01,0C9E 9D 03 07			sta shanti.sprites+$700+3,x
  1212 01,0CA1 A9 3C			lda #60
  1213 01,0CA3 9D 09 07			sta shanti.sprites+$700+9,x
  1214 01,0CA6 9D 0A 07			sta shanti.sprites+$700+10,x
  1215 01,0CA9 A9 46			lda #70
  1216 01,0CAB 9D 06 06			sta shanti.sprites+$600+6,x
  1217 01,0CAE A9 5A			lda #90
  1218 01,0CB0 9D 03 06			sta shanti.sprites+$600+3,x
  1219 01,0CB3 9D 0A 06			sta shanti.sprites+$600+10,x
  1220 01,0CB6 A9 66			lda #102
  1221 01,0CB8 9D 07 06			sta shanti.sprites+$600+7,x
  1222 01,0CBB 9D 08 07			sta shanti.sprites+$700+8,x
  1223 01,0CBE 9D 09 06			sta shanti.sprites+$600+9,x
  1224 01,0CC1 A9 6E			lda #110
  1225 01,0CC3 9D 04 06			sta shanti.sprites+$600+4,x
  1226 01,0CC6 A9 99			lda #153
  1227 01,0CC8 9D 05 06			sta shanti.sprites+$600+5,x
  1228 01,0CCB A9 B9			lda #185
  1229 01,0CCD 9D 06 07			sta shanti.sprites+$700+6,x
  1230 01,0CD0 A9 DB			lda #219
  1231 01,0CD2 9D 08 06			sta shanti.sprites+$600+8,x
  1232 01,0CD5 A9 FF			lda #255
  1233 01,0CD7 9D 07 07			sta shanti.sprites+$700+7,x
  1234
  1235 01,0CDA 4C 00 00			jmp shanti.multi.ret23
  1236 				.endl
  1237
  1238 01,0CDD			.local	shp12
  1239
  1240 01,0CDD			_01
  1241 01,0CDD A9 00			lda #0
  1242 01,0CDF 9D 00 04			sta shanti.sprites+$400+0,x
  1243 01,0CE2 9D 00 05			sta shanti.sprites+$500+0,x
  1244 01,0CE5 9D 03 05			sta shanti.sprites+$500+3,x
  1245 01,0CE8 9D 0D 05			sta shanti.sprites+$500+13,x
  1246 01,0CEB 9D 0E 04			sta shanti.sprites+$400+14,x
  1247 01,0CEE 9D 0E 05			sta shanti.sprites+$500+14,x
  1248 01,0CF1 9D 0F 04			sta shanti.sprites+$400+15,x
  1249 01,0CF4 9D 0F 05			sta shanti.sprites+$500+15,x
  1250 01,0CF7 A9 08			lda #8
  1251 01,0CF9 9D 05 04			sta shanti.sprites+$400+5,x
  1252 01,0CFC A9 10			lda #16
  1253 01,0CFE 9D 04 05			sta shanti.sprites+$500+4,x
  1254 01,0D01 A9 18			lda #24
  1255 01,0D03 9D 01 05			sta shanti.sprites+$500+1,x
  1256 01,0D06 9D 0C 05			sta shanti.sprites+$500+12,x
  1257 01,0D09 9D 0D 04			sta shanti.sprites+$400+13,x
  1258 01,0D0C A9 24			lda #36
  1259 01,0D0E 9D 01 04			sta shanti.sprites+$400+1,x
  1260 01,0D11 9D 0A 04			sta shanti.sprites+$400+10,x
  1261 01,0D14 9D 0C 04			sta shanti.sprites+$400+12,x
  1262 01,0D17 A9 3C			lda #60
  1263 01,0D19 9D 02 05			sta shanti.sprites+$500+2,x
  1264 01,0D1C 9D 0B 05			sta shanti.sprites+$500+11,x
  1265 01,0D1F A9 52			lda #82
  1266 01,0D21 9D 07 04			sta shanti.sprites+$400+7,x
  1267 01,0D24 A9 5A			lda #90
  1268 01,0D26 9D 02 04			sta shanti.sprites+$400+2,x
  1269 01,0D29 9D 08 05			sta shanti.sprites+$500+8,x
  1270 01,0D2C 9D 09 04			sta shanti.sprites+$400+9,x
  1271 01,0D2F 9D 0B 04			sta shanti.sprites+$400+11,x
  1272 01,0D32 A9 66			lda #102
  1273 01,0D34 9D 09 05			sta shanti.sprites+$500+9,x
  1274 01,0D37 A9 7E			lda #126
  1275 01,0D39 9D 03 04			sta shanti.sprites+$400+3,x
  1276 01,0D3C 9D 0A 05			sta shanti.sprites+$500+10,x
  1277 01,0D3F A9 81			lda #129
  1278 01,0D41 9D 06 05			sta shanti.sprites+$500+6,x
  1279 01,0D44 A9 91			lda #145
  1280 01,0D46 9D 05 05			sta shanti.sprites+$500+5,x
  1281 01,0D49 A9 99			lda #153
  1282 01,0D4B 9D 04 04			sta shanti.sprites+$400+4,x
  1283 01,0D4E A9 E7			lda #231
  1284 01,0D50 9D 08 04			sta shanti.sprites+$400+8,x
  1285 01,0D53 A9 FF			lda #255
  1286 01,0D55 9D 06 04			sta shanti.sprites+$400+6,x
  1287 01,0D58 9D 07 05			sta shanti.sprites+$500+7,x
  1288
  1289 01,0D5B 4C 00 00			jmp shanti.multi.ret01
  1290
  1291 01,0D5E			_23
  1292 01,0D5E A9 00			lda #0
  1293 01,0D60 9D 00 06			sta shanti.sprites+$600+0,x
  1294 01,0D63 9D 00 07			sta shanti.sprites+$700+0,x
  1295 01,0D66 9D 03 07			sta shanti.sprites+$700+3,x
  1296 01,0D69 9D 0D 07			sta shanti.sprites+$700+13,x
  1297 01,0D6C 9D 0E 06			sta shanti.sprites+$600+14,x
  1298 01,0D6F 9D 0E 07			sta shanti.sprites+$700+14,x
  1299 01,0D72 9D 0F 06			sta shanti.sprites+$600+15,x
  1300 01,0D75 9D 0F 07			sta shanti.sprites+$700+15,x
  1301 01,0D78 A9 08			lda #8
  1302 01,0D7A 9D 05 06			sta shanti.sprites+$600+5,x
  1303 01,0D7D A9 10			lda #16
  1304 01,0D7F 9D 04 07			sta shanti.sprites+$700+4,x
  1305 01,0D82 A9 18			lda #24
  1306 01,0D84 9D 01 07			sta shanti.sprites+$700+1,x
  1307 01,0D87 9D 0C 07			sta shanti.sprites+$700+12,x
  1308 01,0D8A 9D 0D 06			sta shanti.sprites+$600+13,x
  1309 01,0D8D A9 24			lda #36
  1310 01,0D8F 9D 01 06			sta shanti.sprites+$600+1,x
  1311 01,0D92 9D 0A 06			sta shanti.sprites+$600+10,x
  1312 01,0D95 9D 0C 06			sta shanti.sprites+$600+12,x
  1313 01,0D98 A9 3C			lda #60
  1314 01,0D9A 9D 02 07			sta shanti.sprites+$700+2,x
  1315 01,0D9D 9D 0B 07			sta shanti.sprites+$700+11,x
  1316 01,0DA0 A9 52			lda #82
  1317 01,0DA2 9D 07 06			sta shanti.sprites+$600+7,x
  1318 01,0DA5 A9 5A			lda #90
  1319 01,0DA7 9D 02 06			sta shanti.sprites+$600+2,x
  1320 01,0DAA 9D 08 07			sta shanti.sprites+$700+8,x
  1321 01,0DAD 9D 09 06			sta shanti.sprites+$600+9,x
  1322 01,0DB0 9D 0B 06			sta shanti.sprites+$600+11,x
  1323 01,0DB3 A9 66			lda #102
  1324 01,0DB5 9D 09 07			sta shanti.sprites+$700+9,x
  1325 01,0DB8 A9 7E			lda #126
  1326 01,0DBA 9D 03 06			sta shanti.sprites+$600+3,x
  1327 01,0DBD 9D 0A 07			sta shanti.sprites+$700+10,x
  1328 01,0DC0 A9 81			lda #129
  1329 01,0DC2 9D 06 07			sta shanti.sprites+$700+6,x
  1330 01,0DC5 A9 91			lda #145
  1331 01,0DC7 9D 05 07			sta shanti.sprites+$700+5,x
  1332 01,0DCA A9 99			lda #153
  1333 01,0DCC 9D 04 06			sta shanti.sprites+$600+4,x
  1334 01,0DCF A9 E7			lda #231
  1335 01,0DD1 9D 08 06			sta shanti.sprites+$600+8,x
  1336 01,0DD4 A9 FF			lda #255
  1337 01,0DD6 9D 06 06			sta shanti.sprites+$600+6,x
  1338 01,0DD9 9D 07 07			sta shanti.sprites+$700+7,x
  1339
  1340 01,0DDC 4C 00 00			jmp shanti.multi.ret23
  1341 				.endl
  1341 01,0DDF			BLK UPDATE ADDRESS
  1341 01,0DDF EF FF 3C		
  1341 01,0DDF 1A 00 03 00 0D + 
  1341 01,0DDF EF FF 3E		
  1341 01,0DDF 1A 00 08 00 21 + 
  1341 01,0DDF			BLK UPDATE EXTERNAL
  1341 01,0DDF EE FF 57		
  1341 01,0DDF 1A 00 12 00 53 + SHANTI.SHAPE_TAB23
  1341 01,0DDF EE FF 57		
  1341 01,0DDF 1A 00 12 00 53 + SHANTI.SHAPE_TAB01
  1341 01,0DDF EE FF 57		
  1341 01,0DDF 0D 00 12 00 53 + SHANTI.MULTI.RET23
  1341 01,0DDF EE FF 57		
  1341 01,0DDF 0D 00 12 00 53 + SHANTI.MULTI.RET01
  1341 01,0DDF EE FF 57		
  1341 01,0DDF 40 03 0E 00 53 + SHANTI.SPRITES
  1341 01,0DDF			BLK UPDATE PUBLIC
  1341 01,0DDF 57 50 04 00 46 + FACE
