mads 2.1.5 build 4 (1 Apr 22)
Source: D:\!Delphi\PAS6502\test\sprite\assets\font0.asm
     1
     2 = 0000			.extrn	shanti.sprites, shanti.multi.ret01, shanti.multi.ret23	.word
     3
     4 				.public	shp0._01, shp0._23
     5 				.public	shp1._01, shp1._23
     6 				.public	shp2._01, shp2._23
     7 				.public	shp3._01, shp3._23
     8 				.public	shp4._01, shp4._23
     9 				.public	shp5._01, shp5._23
    10 				.public	shp6._01, shp6._23
    11 				.public	shp7._01, shp7._23
    12
    13
    14 FFFF> 01,0000-073F> 4D + 	.reloc
    15
    16
    17 01,0000			.local	shp0
    18
    19 01,0000			_01
    20 01,0000 A9 00			lda #0
    21 01,0002 9D 00 05			sta shanti.sprites+$500+0,x
    22 01,0005 9D 0E 04			sta shanti.sprites+$400+14,x
    23 01,0008 9D 0F 04			sta shanti.sprites+$400+15,x
    24 01,000B A9 02			lda #2
    25 01,000D 9D 08 05			sta shanti.sprites+$500+8,x
    26 01,0010 9D 09 05			sta shanti.sprites+$500+9,x
    27 01,0013 A9 22			lda #34
    28 01,0015 9D 04 05			sta shanti.sprites+$500+4,x
    29 01,0018 9D 05 05			sta shanti.sprites+$500+5,x
    30 01,001B 9D 06 05			sta shanti.sprites+$500+6,x
    31 01,001E 9D 07 05			sta shanti.sprites+$500+7,x
    32 01,0021 9D 0C 05			sta shanti.sprites+$500+12,x
    33 01,0024 9D 0D 05			sta shanti.sprites+$500+13,x
    34 01,0027 A9 30			lda #48
    35 01,0029 9D 02 05			sta shanti.sprites+$500+2,x
    36 01,002C 9D 03 05			sta shanti.sprites+$500+3,x
    37 01,002F A9 32			lda #50
    38 01,0031 9D 0A 05			sta shanti.sprites+$500+10,x
    39 01,0034 9D 0B 05			sta shanti.sprites+$500+11,x
    40 01,0037 A9 66			lda #102
    41 01,0039 9D 0E 05			sta shanti.sprites+$500+14,x
    42 01,003C 9D 0F 05			sta shanti.sprites+$500+15,x
    43 01,003F A9 78			lda #120
    44 01,0041 9D 00 04			sta shanti.sprites+$400+0,x
    45 01,0044 9D 01 04			sta shanti.sprites+$400+1,x
    46 01,0047 A9 80			lda #128
    47 01,0049 9D 01 05			sta shanti.sprites+$500+1,x
    48 01,004C A9 CC			lda #204
    49 01,004E 9D 02 04			sta shanti.sprites+$400+2,x
    50 01,0051 9D 03 04			sta shanti.sprites+$400+3,x
    51 01,0054 9D 04 04			sta shanti.sprites+$400+4,x
    52 01,0057 9D 05 04			sta shanti.sprites+$400+5,x
    53 01,005A 9D 06 04			sta shanti.sprites+$400+6,x
    54 01,005D 9D 07 04			sta shanti.sprites+$400+7,x
    55 01,0060 9D 0A 04			sta shanti.sprites+$400+10,x
    56 01,0063 9D 0B 04			sta shanti.sprites+$400+11,x
    57 01,0066 9D 0C 04			sta shanti.sprites+$400+12,x
    58 01,0069 9D 0D 04			sta shanti.sprites+$400+13,x
    59 01,006C A9 FC			lda #252
    60 01,006E 9D 08 04			sta shanti.sprites+$400+8,x
    61 01,0071 9D 09 04			sta shanti.sprites+$400+9,x
    62
    63 01,0074 4C 00 00			jmp shanti.multi.ret01
    64
    65 01,0077			_23
    66 01,0077 A9 00			lda #0
    67 01,0079 9D 00 07			sta shanti.sprites+$700+0,x
    68 01,007C 9D 0E 06			sta shanti.sprites+$600+14,x
    69 01,007F 9D 0F 06			sta shanti.sprites+$600+15,x
    70 01,0082 A9 02			lda #2
    71 01,0084 9D 08 07			sta shanti.sprites+$700+8,x
    72 01,0087 9D 09 07			sta shanti.sprites+$700+9,x
    73 01,008A A9 22			lda #34
    74 01,008C 9D 04 07			sta shanti.sprites+$700+4,x
    75 01,008F 9D 05 07			sta shanti.sprites+$700+5,x
    76 01,0092 9D 06 07			sta shanti.sprites+$700+6,x
    77 01,0095 9D 07 07			sta shanti.sprites+$700+7,x
    78 01,0098 9D 0C 07			sta shanti.sprites+$700+12,x
    79 01,009B 9D 0D 07			sta shanti.sprites+$700+13,x
    80 01,009E A9 30			lda #48
    81 01,00A0 9D 02 07			sta shanti.sprites+$700+2,x
    82 01,00A3 9D 03 07			sta shanti.sprites+$700+3,x
    83 01,00A6 A9 32			lda #50
    84 01,00A8 9D 0A 07			sta shanti.sprites+$700+10,x
    85 01,00AB 9D 0B 07			sta shanti.sprites+$700+11,x
    86 01,00AE A9 66			lda #102
    87 01,00B0 9D 0E 07			sta shanti.sprites+$700+14,x
    88 01,00B3 9D 0F 07			sta shanti.sprites+$700+15,x
    89 01,00B6 A9 78			lda #120
    90 01,00B8 9D 00 06			sta shanti.sprites+$600+0,x
    91 01,00BB 9D 01 06			sta shanti.sprites+$600+1,x
    92 01,00BE A9 80			lda #128
    93 01,00C0 9D 01 07			sta shanti.sprites+$700+1,x
    94 01,00C3 A9 CC			lda #204
    95 01,00C5 9D 02 06			sta shanti.sprites+$600+2,x
    96 01,00C8 9D 03 06			sta shanti.sprites+$600+3,x
    97 01,00CB 9D 04 06			sta shanti.sprites+$600+4,x
    98 01,00CE 9D 05 06			sta shanti.sprites+$600+5,x
    99 01,00D1 9D 06 06			sta shanti.sprites+$600+6,x
   100 01,00D4 9D 07 06			sta shanti.sprites+$600+7,x
   101 01,00D7 9D 0A 06			sta shanti.sprites+$600+10,x
   102 01,00DA 9D 0B 06			sta shanti.sprites+$600+11,x
   103 01,00DD 9D 0C 06			sta shanti.sprites+$600+12,x
   104 01,00E0 9D 0D 06			sta shanti.sprites+$600+13,x
   105 01,00E3 A9 FC			lda #252
   106 01,00E5 9D 08 06			sta shanti.sprites+$600+8,x
   107 01,00E8 9D 09 06			sta shanti.sprites+$600+9,x
   108
   109 01,00EB 4C 00 00			jmp shanti.multi.ret23
   110 				.endl
   111
   112 01,00EE			.local	shp1
   113
   114 01,00EE			_01
   115 01,00EE A9 00			lda #0
   116 01,00F0 9D 00 05			sta shanti.sprites+$500+0,x
   117 01,00F3 9D 01 05			sta shanti.sprites+$500+1,x
   118 01,00F6 9D 0E 04			sta shanti.sprites+$400+14,x
   119 01,00F9 9D 0F 04			sta shanti.sprites+$400+15,x
   120 01,00FC A9 06			lda #6
   121 01,00FE 9D 06 05			sta shanti.sprites+$500+6,x
   122 01,0101 9D 07 05			sta shanti.sprites+$500+7,x
   123 01,0104 9D 0C 05			sta shanti.sprites+$500+12,x
   124 01,0107 9D 0D 05			sta shanti.sprites+$500+13,x
   125 01,010A A9 22			lda #34
   126 01,010C 9D 04 05			sta shanti.sprites+$500+4,x
   127 01,010F 9D 05 05			sta shanti.sprites+$500+5,x
   128 01,0112 9D 0A 05			sta shanti.sprites+$500+10,x
   129 01,0115 9D 0B 05			sta shanti.sprites+$500+11,x
   130 01,0118 A9 30			lda #48
   131 01,011A 9D 02 05			sta shanti.sprites+$500+2,x
   132 01,011D 9D 03 05			sta shanti.sprites+$500+3,x
   133 01,0120 9D 08 05			sta shanti.sprites+$500+8,x
   134 01,0123 9D 09 05			sta shanti.sprites+$500+9,x
   135 01,0126 A9 7C			lda #124
   136 01,0128 9D 0E 05			sta shanti.sprites+$500+14,x
   137 01,012B 9D 0F 05			sta shanti.sprites+$500+15,x
   138 01,012E A9 CC			lda #204
   139 01,0130 9D 02 04			sta shanti.sprites+$400+2,x
   140 01,0133 9D 03 04			sta shanti.sprites+$400+3,x
   141 01,0136 9D 04 04			sta shanti.sprites+$400+4,x
   142 01,0139 9D 05 04			sta shanti.sprites+$400+5,x
   143 01,013C 9D 08 04			sta shanti.sprites+$400+8,x
   144 01,013F 9D 09 04			sta shanti.sprites+$400+9,x
   145 01,0142 9D 0A 04			sta shanti.sprites+$400+10,x
   146 01,0145 9D 0B 04			sta shanti.sprites+$400+11,x
   147 01,0148 A9 F8			lda #248
   148 01,014A 9D 00 04			sta shanti.sprites+$400+0,x
   149 01,014D 9D 01 04			sta shanti.sprites+$400+1,x
   150 01,0150 9D 06 04			sta shanti.sprites+$400+6,x
   151 01,0153 9D 07 04			sta shanti.sprites+$400+7,x
   152 01,0156 9D 0C 04			sta shanti.sprites+$400+12,x
   153 01,0159 9D 0D 04			sta shanti.sprites+$400+13,x
   154
   155 01,015C 4C 00 00			jmp shanti.multi.ret01
   156
   157 01,015F			_23
   158 01,015F A9 00			lda #0
   159 01,0161 9D 00 07			sta shanti.sprites+$700+0,x
   160 01,0164 9D 01 07			sta shanti.sprites+$700+1,x
   161 01,0167 9D 0E 06			sta shanti.sprites+$600+14,x
   162 01,016A 9D 0F 06			sta shanti.sprites+$600+15,x
   163 01,016D A9 06			lda #6
   164 01,016F 9D 06 07			sta shanti.sprites+$700+6,x
   165 01,0172 9D 07 07			sta shanti.sprites+$700+7,x
   166 01,0175 9D 0C 07			sta shanti.sprites+$700+12,x
   167 01,0178 9D 0D 07			sta shanti.sprites+$700+13,x
   168 01,017B A9 22			lda #34
   169 01,017D 9D 04 07			sta shanti.sprites+$700+4,x
   170 01,0180 9D 05 07			sta shanti.sprites+$700+5,x
   171 01,0183 9D 0A 07			sta shanti.sprites+$700+10,x
   172 01,0186 9D 0B 07			sta shanti.sprites+$700+11,x
   173 01,0189 A9 30			lda #48
   174 01,018B 9D 02 07			sta shanti.sprites+$700+2,x
   175 01,018E 9D 03 07			sta shanti.sprites+$700+3,x
   176 01,0191 9D 08 07			sta shanti.sprites+$700+8,x
   177 01,0194 9D 09 07			sta shanti.sprites+$700+9,x
   178 01,0197 A9 7C			lda #124
   179 01,0199 9D 0E 07			sta shanti.sprites+$700+14,x
   180 01,019C 9D 0F 07			sta shanti.sprites+$700+15,x
   181 01,019F A9 CC			lda #204
   182 01,01A1 9D 02 06			sta shanti.sprites+$600+2,x
   183 01,01A4 9D 03 06			sta shanti.sprites+$600+3,x
   184 01,01A7 9D 04 06			sta shanti.sprites+$600+4,x
   185 01,01AA 9D 05 06			sta shanti.sprites+$600+5,x
   186 01,01AD 9D 08 06			sta shanti.sprites+$600+8,x
   187 01,01B0 9D 09 06			sta shanti.sprites+$600+9,x
   188 01,01B3 9D 0A 06			sta shanti.sprites+$600+10,x
   189 01,01B6 9D 0B 06			sta shanti.sprites+$600+11,x
   190 01,01B9 A9 F8			lda #248
   191 01,01BB 9D 00 06			sta shanti.sprites+$600+0,x
   192 01,01BE 9D 01 06			sta shanti.sprites+$600+1,x
   193 01,01C1 9D 06 06			sta shanti.sprites+$600+6,x
   194 01,01C4 9D 07 06			sta shanti.sprites+$600+7,x
   195 01,01C7 9D 0C 06			sta shanti.sprites+$600+12,x
   196 01,01CA 9D 0D 06			sta shanti.sprites+$600+13,x
   197
   198 01,01CD 4C 00 00			jmp shanti.multi.ret23
   199 				.endl
   200
   201 01,01D0			.local	shp2
   202
   203 01,01D0			_01
   204 01,01D0 A9 00			lda #0
   205 01,01D2 9D 00 05			sta shanti.sprites+$500+0,x
   206 01,01D5 9D 01 05			sta shanti.sprites+$500+1,x
   207 01,01D8 9D 0E 04			sta shanti.sprites+$400+14,x
   208 01,01DB 9D 0F 04			sta shanti.sprites+$400+15,x
   209 01,01DE A9 06			lda #6
   210 01,01E0 9D 0C 05			sta shanti.sprites+$500+12,x
   211 01,01E3 9D 0D 05			sta shanti.sprites+$500+13,x
   212 01,01E6 A9 20			lda #32
   213 01,01E8 9D 06 05			sta shanti.sprites+$500+6,x
   214 01,01EB 9D 07 05			sta shanti.sprites+$500+7,x
   215 01,01EE 9D 08 05			sta shanti.sprites+$500+8,x
   216 01,01F1 9D 09 05			sta shanti.sprites+$500+9,x
   217 01,01F4 9D 0A 05			sta shanti.sprites+$500+10,x
   218 01,01F7 9D 0B 05			sta shanti.sprites+$500+11,x
   219 01,01FA A9 26			lda #38
   220 01,01FC 9D 04 05			sta shanti.sprites+$500+4,x
   221 01,01FF 9D 05 05			sta shanti.sprites+$500+5,x
   222 01,0202 A9 30			lda #48
   223 01,0204 9D 02 05			sta shanti.sprites+$500+2,x
   224 01,0207 9D 03 05			sta shanti.sprites+$500+3,x
   225 01,020A A9 3C			lda #60
   226 01,020C 9D 0E 05			sta shanti.sprites+$500+14,x
   227 01,020F 9D 0F 05			sta shanti.sprites+$500+15,x
   228 01,0212 A9 78			lda #120
   229 01,0214 9D 00 04			sta shanti.sprites+$400+0,x
   230 01,0217 9D 01 04			sta shanti.sprites+$400+1,x
   231 01,021A 9D 0C 04			sta shanti.sprites+$400+12,x
   232 01,021D 9D 0D 04			sta shanti.sprites+$400+13,x
   233 01,0220 A9 C0			lda #192
   234 01,0222 9D 04 04			sta shanti.sprites+$400+4,x
   235 01,0225 9D 05 04			sta shanti.sprites+$400+5,x
   236 01,0228 9D 06 04			sta shanti.sprites+$400+6,x
   237 01,022B 9D 07 04			sta shanti.sprites+$400+7,x
   238 01,022E 9D 08 04			sta shanti.sprites+$400+8,x
   239 01,0231 9D 09 04			sta shanti.sprites+$400+9,x
   240 01,0234 A9 CC			lda #204
   241 01,0236 9D 02 04			sta shanti.sprites+$400+2,x
   242 01,0239 9D 03 04			sta shanti.sprites+$400+3,x
   243 01,023C 9D 0A 04			sta shanti.sprites+$400+10,x
   244 01,023F 9D 0B 04			sta shanti.sprites+$400+11,x
   245
   246 01,0242 4C 00 00			jmp shanti.multi.ret01
   247
   248 01,0245			_23
   249 01,0245 A9 00			lda #0
   250 01,0247 9D 00 07			sta shanti.sprites+$700+0,x
   251 01,024A 9D 01 07			sta shanti.sprites+$700+1,x
   252 01,024D 9D 0E 06			sta shanti.sprites+$600+14,x
   253 01,0250 9D 0F 06			sta shanti.sprites+$600+15,x
   254 01,0253 A9 06			lda #6
   255 01,0255 9D 0C 07			sta shanti.sprites+$700+12,x
   256 01,0258 9D 0D 07			sta shanti.sprites+$700+13,x
   257 01,025B A9 20			lda #32
   258 01,025D 9D 06 07			sta shanti.sprites+$700+6,x
   259 01,0260 9D 07 07			sta shanti.sprites+$700+7,x
   260 01,0263 9D 08 07			sta shanti.sprites+$700+8,x
   261 01,0266 9D 09 07			sta shanti.sprites+$700+9,x
   262 01,0269 9D 0A 07			sta shanti.sprites+$700+10,x
   263 01,026C 9D 0B 07			sta shanti.sprites+$700+11,x
   264 01,026F A9 26			lda #38
   265 01,0271 9D 04 07			sta shanti.sprites+$700+4,x
   266 01,0274 9D 05 07			sta shanti.sprites+$700+5,x
   267 01,0277 A9 30			lda #48
   268 01,0279 9D 02 07			sta shanti.sprites+$700+2,x
   269 01,027C 9D 03 07			sta shanti.sprites+$700+3,x
   270 01,027F A9 3C			lda #60
   271 01,0281 9D 0E 07			sta shanti.sprites+$700+14,x
   272 01,0284 9D 0F 07			sta shanti.sprites+$700+15,x
   273 01,0287 A9 78			lda #120
   274 01,0289 9D 00 06			sta shanti.sprites+$600+0,x
   275 01,028C 9D 01 06			sta shanti.sprites+$600+1,x
   276 01,028F 9D 0C 06			sta shanti.sprites+$600+12,x
   277 01,0292 9D 0D 06			sta shanti.sprites+$600+13,x
   278 01,0295 A9 C0			lda #192
   279 01,0297 9D 04 06			sta shanti.sprites+$600+4,x
   280 01,029A 9D 05 06			sta shanti.sprites+$600+5,x
   281 01,029D 9D 06 06			sta shanti.sprites+$600+6,x
   282 01,02A0 9D 07 06			sta shanti.sprites+$600+7,x
   283 01,02A3 9D 08 06			sta shanti.sprites+$600+8,x
   284 01,02A6 9D 09 06			sta shanti.sprites+$600+9,x
   285 01,02A9 A9 CC			lda #204
   286 01,02AB 9D 02 06			sta shanti.sprites+$600+2,x
   287 01,02AE 9D 03 06			sta shanti.sprites+$600+3,x
   288 01,02B1 9D 0A 06			sta shanti.sprites+$600+10,x
   289 01,02B4 9D 0B 06			sta shanti.sprites+$600+11,x
   290
   291 01,02B7 4C 00 00			jmp shanti.multi.ret23
   292 				.endl
   293
   294 01,02BA			.local	shp3
   295
   296 01,02BA			_01
   297 01,02BA A9 00			lda #0
   298 01,02BC 9D 00 05			sta shanti.sprites+$500+0,x
   299 01,02BF 9D 01 05			sta shanti.sprites+$500+1,x
   300 01,02C2 9D 0E 04			sta shanti.sprites+$400+14,x
   301 01,02C5 9D 0F 04			sta shanti.sprites+$400+15,x
   302 01,02C8 A9 06			lda #6
   303 01,02CA 9D 0C 05			sta shanti.sprites+$500+12,x
   304 01,02CD 9D 0D 05			sta shanti.sprites+$500+13,x
   305 01,02D0 A9 22			lda #34
   306 01,02D2 9D 04 05			sta shanti.sprites+$500+4,x
   307 01,02D5 9D 05 05			sta shanti.sprites+$500+5,x
   308 01,02D8 9D 06 05			sta shanti.sprites+$500+6,x
   309 01,02DB 9D 07 05			sta shanti.sprites+$500+7,x
   310 01,02DE 9D 08 05			sta shanti.sprites+$500+8,x
   311 01,02E1 9D 09 05			sta shanti.sprites+$500+9,x
   312 01,02E4 9D 0A 05			sta shanti.sprites+$500+10,x
   313 01,02E7 9D 0B 05			sta shanti.sprites+$500+11,x
   314 01,02EA A9 30			lda #48
   315 01,02EC 9D 02 05			sta shanti.sprites+$500+2,x
   316 01,02EF 9D 03 05			sta shanti.sprites+$500+3,x
   317 01,02F2 A9 7C			lda #124
   318 01,02F4 9D 0E 05			sta shanti.sprites+$500+14,x
   319 01,02F7 9D 0F 05			sta shanti.sprites+$500+15,x
   320 01,02FA A9 CC			lda #204
   321 01,02FC 9D 02 04			sta shanti.sprites+$400+2,x
   322 01,02FF 9D 03 04			sta shanti.sprites+$400+3,x
   323 01,0302 9D 04 04			sta shanti.sprites+$400+4,x
   324 01,0305 9D 05 04			sta shanti.sprites+$400+5,x
   325 01,0308 9D 06 04			sta shanti.sprites+$400+6,x
   326 01,030B 9D 07 04			sta shanti.sprites+$400+7,x
   327 01,030E 9D 08 04			sta shanti.sprites+$400+8,x
   328 01,0311 9D 09 04			sta shanti.sprites+$400+9,x
   329 01,0314 9D 0A 04			sta shanti.sprites+$400+10,x
   330 01,0317 9D 0B 04			sta shanti.sprites+$400+11,x
   331 01,031A A9 F8			lda #248
   332 01,031C 9D 00 04			sta shanti.sprites+$400+0,x
   333 01,031F 9D 01 04			sta shanti.sprites+$400+1,x
   334 01,0322 9D 0C 04			sta shanti.sprites+$400+12,x
   335 01,0325 9D 0D 04			sta shanti.sprites+$400+13,x
   336
   337 01,0328 4C 00 00			jmp shanti.multi.ret01
   338
   339 01,032B			_23
   340 01,032B A9 00			lda #0
   341 01,032D 9D 00 07			sta shanti.sprites+$700+0,x
   342 01,0330 9D 01 07			sta shanti.sprites+$700+1,x
   343 01,0333 9D 0E 06			sta shanti.sprites+$600+14,x
   344 01,0336 9D 0F 06			sta shanti.sprites+$600+15,x
   345 01,0339 A9 06			lda #6
   346 01,033B 9D 0C 07			sta shanti.sprites+$700+12,x
   347 01,033E 9D 0D 07			sta shanti.sprites+$700+13,x
   348 01,0341 A9 22			lda #34
   349 01,0343 9D 04 07			sta shanti.sprites+$700+4,x
   350 01,0346 9D 05 07			sta shanti.sprites+$700+5,x
   351 01,0349 9D 06 07			sta shanti.sprites+$700+6,x
   352 01,034C 9D 07 07			sta shanti.sprites+$700+7,x
   353 01,034F 9D 08 07			sta shanti.sprites+$700+8,x
   354 01,0352 9D 09 07			sta shanti.sprites+$700+9,x
   355 01,0355 9D 0A 07			sta shanti.sprites+$700+10,x
   356 01,0358 9D 0B 07			sta shanti.sprites+$700+11,x
   357 01,035B A9 30			lda #48
   358 01,035D 9D 02 07			sta shanti.sprites+$700+2,x
   359 01,0360 9D 03 07			sta shanti.sprites+$700+3,x
   360 01,0363 A9 7C			lda #124
   361 01,0365 9D 0E 07			sta shanti.sprites+$700+14,x
   362 01,0368 9D 0F 07			sta shanti.sprites+$700+15,x
   363 01,036B A9 CC			lda #204
   364 01,036D 9D 02 06			sta shanti.sprites+$600+2,x
   365 01,0370 9D 03 06			sta shanti.sprites+$600+3,x
   366 01,0373 9D 04 06			sta shanti.sprites+$600+4,x
   367 01,0376 9D 05 06			sta shanti.sprites+$600+5,x
   368 01,0379 9D 06 06			sta shanti.sprites+$600+6,x
   369 01,037C 9D 07 06			sta shanti.sprites+$600+7,x
   370 01,037F 9D 08 06			sta shanti.sprites+$600+8,x
   371 01,0382 9D 09 06			sta shanti.sprites+$600+9,x
   372 01,0385 9D 0A 06			sta shanti.sprites+$600+10,x
   373 01,0388 9D 0B 06			sta shanti.sprites+$600+11,x
   374 01,038B A9 F8			lda #248
   375 01,038D 9D 00 06			sta shanti.sprites+$600+0,x
   376 01,0390 9D 01 06			sta shanti.sprites+$600+1,x
   377 01,0393 9D 0C 06			sta shanti.sprites+$600+12,x
   378 01,0396 9D 0D 06			sta shanti.sprites+$600+13,x
   379
   380 01,0399 4C 00 00			jmp shanti.multi.ret23
   381 				.endl
   382
   383 01,039C			.local	shp4
   384
   385 01,039C			_01
   386 01,039C A9 00			lda #0
   387 01,039E 9D 00 05			sta shanti.sprites+$500+0,x
   388 01,03A1 9D 01 05			sta shanti.sprites+$500+1,x
   389 01,03A4 9D 06 05			sta shanti.sprites+$500+6,x
   390 01,03A7 9D 07 05			sta shanti.sprites+$500+7,x
   391 01,03AA 9D 0C 05			sta shanti.sprites+$500+12,x
   392 01,03AD 9D 0D 05			sta shanti.sprites+$500+13,x
   393 01,03B0 9D 0E 04			sta shanti.sprites+$400+14,x
   394 01,03B3 9D 0F 04			sta shanti.sprites+$400+15,x
   395 01,03B6 A9 20			lda #32
   396 01,03B8 9D 04 05			sta shanti.sprites+$500+4,x
   397 01,03BB 9D 05 05			sta shanti.sprites+$500+5,x
   398 01,03BE 9D 0A 05			sta shanti.sprites+$500+10,x
   399 01,03C1 9D 0B 05			sta shanti.sprites+$500+11,x
   400 01,03C4 A9 3C			lda #60
   401 01,03C6 9D 08 05			sta shanti.sprites+$500+8,x
   402 01,03C9 9D 09 05			sta shanti.sprites+$500+9,x
   403 01,03CC A9 3E			lda #62
   404 01,03CE 9D 02 05			sta shanti.sprites+$500+2,x
   405 01,03D1 9D 03 05			sta shanti.sprites+$500+3,x
   406 01,03D4 A9 7E			lda #126
   407 01,03D6 9D 0E 05			sta shanti.sprites+$500+14,x
   408 01,03D9 9D 0F 05			sta shanti.sprites+$500+15,x
   409 01,03DC A9 C0			lda #192
   410 01,03DE 9D 02 04			sta shanti.sprites+$400+2,x
   411 01,03E1 9D 03 04			sta shanti.sprites+$400+3,x
   412 01,03E4 9D 04 04			sta shanti.sprites+$400+4,x
   413 01,03E7 9D 05 04			sta shanti.sprites+$400+5,x
   414 01,03EA 9D 08 04			sta shanti.sprites+$400+8,x
   415 01,03ED 9D 09 04			sta shanti.sprites+$400+9,x
   416 01,03F0 9D 0A 04			sta shanti.sprites+$400+10,x
   417 01,03F3 9D 0B 04			sta shanti.sprites+$400+11,x
   418 01,03F6 A9 F8			lda #248
   419 01,03F8 9D 06 04			sta shanti.sprites+$400+6,x
   420 01,03FB 9D 07 04			sta shanti.sprites+$400+7,x
   421 01,03FE A9 FC			lda #252
   422 01,0400 9D 00 04			sta shanti.sprites+$400+0,x
   423 01,0403 9D 01 04			sta shanti.sprites+$400+1,x
   424 01,0406 9D 0C 04			sta shanti.sprites+$400+12,x
   425 01,0409 9D 0D 04			sta shanti.sprites+$400+13,x
   426
   427 01,040C 4C 00 00			jmp shanti.multi.ret01
   428
   429 01,040F			_23
   430 01,040F A9 00			lda #0
   431 01,0411 9D 00 07			sta shanti.sprites+$700+0,x
   432 01,0414 9D 01 07			sta shanti.sprites+$700+1,x
   433 01,0417 9D 06 07			sta shanti.sprites+$700+6,x
   434 01,041A 9D 07 07			sta shanti.sprites+$700+7,x
   435 01,041D 9D 0C 07			sta shanti.sprites+$700+12,x
   436 01,0420 9D 0D 07			sta shanti.sprites+$700+13,x
   437 01,0423 9D 0E 06			sta shanti.sprites+$600+14,x
   438 01,0426 9D 0F 06			sta shanti.sprites+$600+15,x
   439 01,0429 A9 20			lda #32
   440 01,042B 9D 04 07			sta shanti.sprites+$700+4,x
   441 01,042E 9D 05 07			sta shanti.sprites+$700+5,x
   442 01,0431 9D 0A 07			sta shanti.sprites+$700+10,x
   443 01,0434 9D 0B 07			sta shanti.sprites+$700+11,x
   444 01,0437 A9 3C			lda #60
   445 01,0439 9D 08 07			sta shanti.sprites+$700+8,x
   446 01,043C 9D 09 07			sta shanti.sprites+$700+9,x
   447 01,043F A9 3E			lda #62
   448 01,0441 9D 02 07			sta shanti.sprites+$700+2,x
   449 01,0444 9D 03 07			sta shanti.sprites+$700+3,x
   450 01,0447 A9 7E			lda #126
   451 01,0449 9D 0E 07			sta shanti.sprites+$700+14,x
   452 01,044C 9D 0F 07			sta shanti.sprites+$700+15,x
   453 01,044F A9 C0			lda #192
   454 01,0451 9D 02 06			sta shanti.sprites+$600+2,x
   455 01,0454 9D 03 06			sta shanti.sprites+$600+3,x
   456 01,0457 9D 04 06			sta shanti.sprites+$600+4,x
   457 01,045A 9D 05 06			sta shanti.sprites+$600+5,x
   458 01,045D 9D 08 06			sta shanti.sprites+$600+8,x
   459 01,0460 9D 09 06			sta shanti.sprites+$600+9,x
   460 01,0463 9D 0A 06			sta shanti.sprites+$600+10,x
   461 01,0466 9D 0B 06			sta shanti.sprites+$600+11,x
   462 01,0469 A9 F8			lda #248
   463 01,046B 9D 06 06			sta shanti.sprites+$600+6,x
   464 01,046E 9D 07 06			sta shanti.sprites+$600+7,x
   465 01,0471 A9 FC			lda #252
   466 01,0473 9D 00 06			sta shanti.sprites+$600+0,x
   467 01,0476 9D 01 06			sta shanti.sprites+$600+1,x
   468 01,0479 9D 0C 06			sta shanti.sprites+$600+12,x
   469 01,047C 9D 0D 06			sta shanti.sprites+$600+13,x
   470
   471 01,047F 4C 00 00			jmp shanti.multi.ret23
   472 				.endl
   473
   474 01,0482			.local	shp5
   475
   476 01,0482			_01
   477 01,0482 A9 00			lda #0
   478 01,0484 9D 00 05			sta shanti.sprites+$500+0,x
   479 01,0487 9D 01 05			sta shanti.sprites+$500+1,x
   480 01,048A 9D 06 05			sta shanti.sprites+$500+6,x
   481 01,048D 9D 07 05			sta shanti.sprites+$500+7,x
   482 01,0490 9D 0E 04			sta shanti.sprites+$400+14,x
   483 01,0493 9D 0F 04			sta shanti.sprites+$400+15,x
   484 01,0496 A9 20			lda #32
   485 01,0498 9D 04 05			sta shanti.sprites+$500+4,x
   486 01,049B 9D 05 05			sta shanti.sprites+$500+5,x
   487 01,049E 9D 0A 05			sta shanti.sprites+$500+10,x
   488 01,04A1 9D 0B 05			sta shanti.sprites+$500+11,x
   489 01,04A4 9D 0C 05			sta shanti.sprites+$500+12,x
   490 01,04A7 9D 0D 05			sta shanti.sprites+$500+13,x
   491 01,04AA A9 3C			lda #60
   492 01,04AC 9D 08 05			sta shanti.sprites+$500+8,x
   493 01,04AF 9D 09 05			sta shanti.sprites+$500+9,x
   494 01,04B2 A9 3E			lda #62
   495 01,04B4 9D 02 05			sta shanti.sprites+$500+2,x
   496 01,04B7 9D 03 05			sta shanti.sprites+$500+3,x
   497 01,04BA A9 60			lda #96
   498 01,04BC 9D 0E 05			sta shanti.sprites+$500+14,x
   499 01,04BF 9D 0F 05			sta shanti.sprites+$500+15,x
   500 01,04C2 A9 C0			lda #192
   501 01,04C4 9D 02 04			sta shanti.sprites+$400+2,x
   502 01,04C7 9D 03 04			sta shanti.sprites+$400+3,x
   503 01,04CA 9D 04 04			sta shanti.sprites+$400+4,x
   504 01,04CD 9D 05 04			sta shanti.sprites+$400+5,x
   505 01,04D0 9D 08 04			sta shanti.sprites+$400+8,x
   506 01,04D3 9D 09 04			sta shanti.sprites+$400+9,x
   507 01,04D6 9D 0A 04			sta shanti.sprites+$400+10,x
   508 01,04D9 9D 0B 04			sta shanti.sprites+$400+11,x
   509 01,04DC 9D 0C 04			sta shanti.sprites+$400+12,x
   510 01,04DF 9D 0D 04			sta shanti.sprites+$400+13,x
   511 01,04E2 A9 F8			lda #248
   512 01,04E4 9D 06 04			sta shanti.sprites+$400+6,x
   513 01,04E7 9D 07 04			sta shanti.sprites+$400+7,x
   514 01,04EA A9 FC			lda #252
   515 01,04EC 9D 00 04			sta shanti.sprites+$400+0,x
   516 01,04EF 9D 01 04			sta shanti.sprites+$400+1,x
   517
   518 01,04F2 4C 00 00			jmp shanti.multi.ret01
   519
   520 01,04F5			_23
   521 01,04F5 A9 00			lda #0
   522 01,04F7 9D 00 07			sta shanti.sprites+$700+0,x
   523 01,04FA 9D 01 07			sta shanti.sprites+$700+1,x
   524 01,04FD 9D 06 07			sta shanti.sprites+$700+6,x
   525 01,0500 9D 07 07			sta shanti.sprites+$700+7,x
   526 01,0503 9D 0E 06			sta shanti.sprites+$600+14,x
   527 01,0506 9D 0F 06			sta shanti.sprites+$600+15,x
   528 01,0509 A9 20			lda #32
   529 01,050B 9D 04 07			sta shanti.sprites+$700+4,x
   530 01,050E 9D 05 07			sta shanti.sprites+$700+5,x
   531 01,0511 9D 0A 07			sta shanti.sprites+$700+10,x
   532 01,0514 9D 0B 07			sta shanti.sprites+$700+11,x
   533 01,0517 9D 0C 07			sta shanti.sprites+$700+12,x
   534 01,051A 9D 0D 07			sta shanti.sprites+$700+13,x
   535 01,051D A9 3C			lda #60
   536 01,051F 9D 08 07			sta shanti.sprites+$700+8,x
   537 01,0522 9D 09 07			sta shanti.sprites+$700+9,x
   538 01,0525 A9 3E			lda #62
   539 01,0527 9D 02 07			sta shanti.sprites+$700+2,x
   540 01,052A 9D 03 07			sta shanti.sprites+$700+3,x
   541 01,052D A9 60			lda #96
   542 01,052F 9D 0E 07			sta shanti.sprites+$700+14,x
   543 01,0532 9D 0F 07			sta shanti.sprites+$700+15,x
   544 01,0535 A9 C0			lda #192
   545 01,0537 9D 02 06			sta shanti.sprites+$600+2,x
   546 01,053A 9D 03 06			sta shanti.sprites+$600+3,x
   547 01,053D 9D 04 06			sta shanti.sprites+$600+4,x
   548 01,0540 9D 05 06			sta shanti.sprites+$600+5,x
   549 01,0543 9D 08 06			sta shanti.sprites+$600+8,x
   550 01,0546 9D 09 06			sta shanti.sprites+$600+9,x
   551 01,0549 9D 0A 06			sta shanti.sprites+$600+10,x
   552 01,054C 9D 0B 06			sta shanti.sprites+$600+11,x
   553 01,054F 9D 0C 06			sta shanti.sprites+$600+12,x
   554 01,0552 9D 0D 06			sta shanti.sprites+$600+13,x
   555 01,0555 A9 F8			lda #248
   556 01,0557 9D 06 06			sta shanti.sprites+$600+6,x
   557 01,055A 9D 07 06			sta shanti.sprites+$600+7,x
   558 01,055D A9 FC			lda #252
   559 01,055F 9D 00 06			sta shanti.sprites+$600+0,x
   560 01,0562 9D 01 06			sta shanti.sprites+$600+1,x
   561
   562 01,0565 4C 00 00			jmp shanti.multi.ret23
   563 				.endl
   564
   565 01,0568			.local	shp6
   566
   567 01,0568			_01
   568 01,0568 A9 00			lda #0
   569 01,056A 9D 00 05			sta shanti.sprites+$500+0,x
   570 01,056D 9D 01 05			sta shanti.sprites+$500+1,x
   571 01,0570 9D 0E 04			sta shanti.sprites+$400+14,x
   572 01,0573 9D 0F 04			sta shanti.sprites+$400+15,x
   573 01,0576 A9 02			lda #2
   574 01,0578 9D 0C 05			sta shanti.sprites+$500+12,x
   575 01,057B 9D 0D 05			sta shanti.sprites+$500+13,x
   576 01,057E A9 20			lda #32
   577 01,0580 9D 06 05			sta shanti.sprites+$500+6,x
   578 01,0583 9D 07 05			sta shanti.sprites+$500+7,x
   579 01,0586 A9 22			lda #34
   580 01,0588 9D 08 05			sta shanti.sprites+$500+8,x
   581 01,058B 9D 09 05			sta shanti.sprites+$500+9,x
   582 01,058E 9D 0A 05			sta shanti.sprites+$500+10,x
   583 01,0591 9D 0B 05			sta shanti.sprites+$500+11,x
   584 01,0594 A9 26			lda #38
   585 01,0596 9D 04 05			sta shanti.sprites+$500+4,x
   586 01,0599 9D 05 05			sta shanti.sprites+$500+5,x
   587 01,059C A9 30			lda #48
   588 01,059E 9D 02 05			sta shanti.sprites+$500+2,x
   589 01,05A1 9D 03 05			sta shanti.sprites+$500+3,x
   590 01,05A4 A9 3E			lda #62
   591 01,05A6 9D 0E 05			sta shanti.sprites+$500+14,x
   592 01,05A9 9D 0F 05			sta shanti.sprites+$500+15,x
   593 01,05AC A9 78			lda #120
   594 01,05AE 9D 00 04			sta shanti.sprites+$400+0,x
   595 01,05B1 9D 01 04			sta shanti.sprites+$400+1,x
   596 01,05B4 A9 7C			lda #124
   597 01,05B6 9D 0C 04			sta shanti.sprites+$400+12,x
   598 01,05B9 9D 0D 04			sta shanti.sprites+$400+13,x
   599 01,05BC A9 C0			lda #192
   600 01,05BE 9D 04 04			sta shanti.sprites+$400+4,x
   601 01,05C1 9D 05 04			sta shanti.sprites+$400+5,x
   602 01,05C4 A9 CC			lda #204
   603 01,05C6 9D 02 04			sta shanti.sprites+$400+2,x
   604 01,05C9 9D 03 04			sta shanti.sprites+$400+3,x
   605 01,05CC 9D 08 04			sta shanti.sprites+$400+8,x
   606 01,05CF 9D 09 04			sta shanti.sprites+$400+9,x
   607 01,05D2 9D 0A 04			sta shanti.sprites+$400+10,x
   608 01,05D5 9D 0B 04			sta shanti.sprites+$400+11,x
   609 01,05D8 A9 DC			lda #220
   610 01,05DA 9D 06 04			sta shanti.sprites+$400+6,x
   611 01,05DD 9D 07 04			sta shanti.sprites+$400+7,x
   612
   613 01,05E0 4C 00 00			jmp shanti.multi.ret01
   614
   615 01,05E3			_23
   616 01,05E3 A9 00			lda #0
   617 01,05E5 9D 00 07			sta shanti.sprites+$700+0,x
   618 01,05E8 9D 01 07			sta shanti.sprites+$700+1,x
   619 01,05EB 9D 0E 06			sta shanti.sprites+$600+14,x
   620 01,05EE 9D 0F 06			sta shanti.sprites+$600+15,x
   621 01,05F1 A9 02			lda #2
   622 01,05F3 9D 0C 07			sta shanti.sprites+$700+12,x
   623 01,05F6 9D 0D 07			sta shanti.sprites+$700+13,x
   624 01,05F9 A9 20			lda #32
   625 01,05FB 9D 06 07			sta shanti.sprites+$700+6,x
   626 01,05FE 9D 07 07			sta shanti.sprites+$700+7,x
   627 01,0601 A9 22			lda #34
   628 01,0603 9D 08 07			sta shanti.sprites+$700+8,x
   629 01,0606 9D 09 07			sta shanti.sprites+$700+9,x
   630 01,0609 9D 0A 07			sta shanti.sprites+$700+10,x
   631 01,060C 9D 0B 07			sta shanti.sprites+$700+11,x
   632 01,060F A9 26			lda #38
   633 01,0611 9D 04 07			sta shanti.sprites+$700+4,x
   634 01,0614 9D 05 07			sta shanti.sprites+$700+5,x
   635 01,0617 A9 30			lda #48
   636 01,0619 9D 02 07			sta shanti.sprites+$700+2,x
   637 01,061C 9D 03 07			sta shanti.sprites+$700+3,x
   638 01,061F A9 3E			lda #62
   639 01,0621 9D 0E 07			sta shanti.sprites+$700+14,x
   640 01,0624 9D 0F 07			sta shanti.sprites+$700+15,x
   641 01,0627 A9 78			lda #120
   642 01,0629 9D 00 06			sta shanti.sprites+$600+0,x
   643 01,062C 9D 01 06			sta shanti.sprites+$600+1,x
   644 01,062F A9 7C			lda #124
   645 01,0631 9D 0C 06			sta shanti.sprites+$600+12,x
   646 01,0634 9D 0D 06			sta shanti.sprites+$600+13,x
   647 01,0637 A9 C0			lda #192
   648 01,0639 9D 04 06			sta shanti.sprites+$600+4,x
   649 01,063C 9D 05 06			sta shanti.sprites+$600+5,x
   650 01,063F A9 CC			lda #204
   651 01,0641 9D 02 06			sta shanti.sprites+$600+2,x
   652 01,0644 9D 03 06			sta shanti.sprites+$600+3,x
   653 01,0647 9D 08 06			sta shanti.sprites+$600+8,x
   654 01,064A 9D 09 06			sta shanti.sprites+$600+9,x
   655 01,064D 9D 0A 06			sta shanti.sprites+$600+10,x
   656 01,0650 9D 0B 06			sta shanti.sprites+$600+11,x
   657 01,0653 A9 DC			lda #220
   658 01,0655 9D 06 06			sta shanti.sprites+$600+6,x
   659 01,0658 9D 07 06			sta shanti.sprites+$600+7,x
   660
   661 01,065B 4C 00 00			jmp shanti.multi.ret23
   662 				.endl
   663
   664 01,065E			.local	shp7
   665
   666 01,065E			_01
   667 01,065E A9 00			lda #0
   668 01,0660 9D 00 05			sta shanti.sprites+$500+0,x
   669 01,0663 9D 01 05			sta shanti.sprites+$500+1,x
   670 01,0666 9D 0E 04			sta shanti.sprites+$400+14,x
   671 01,0669 9D 0F 04			sta shanti.sprites+$400+15,x
   672 01,066C A9 02			lda #2
   673 01,066E 9D 06 05			sta shanti.sprites+$500+6,x
   674 01,0671 9D 07 05			sta shanti.sprites+$500+7,x
   675 01,0674 A9 22			lda #34
   676 01,0676 9D 02 05			sta shanti.sprites+$500+2,x
   677 01,0679 9D 03 05			sta shanti.sprites+$500+3,x
   678 01,067C 9D 04 05			sta shanti.sprites+$500+4,x
   679 01,067F 9D 05 05			sta shanti.sprites+$500+5,x
   680 01,0682 9D 0A 05			sta shanti.sprites+$500+10,x
   681 01,0685 9D 0B 05			sta shanti.sprites+$500+11,x
   682 01,0688 9D 0C 05			sta shanti.sprites+$500+12,x
   683 01,068B 9D 0D 05			sta shanti.sprites+$500+13,x
   684 01,068E A9 32			lda #50
   685 01,0690 9D 08 05			sta shanti.sprites+$500+8,x
   686 01,0693 9D 09 05			sta shanti.sprites+$500+9,x
   687 01,0696 A9 66			lda #102
   688 01,0698 9D 0E 05			sta shanti.sprites+$500+14,x
   689 01,069B 9D 0F 05			sta shanti.sprites+$500+15,x
   690 01,069E A9 CC			lda #204
   691 01,06A0 9D 00 04			sta shanti.sprites+$400+0,x
   692 01,06A3 9D 01 04			sta shanti.sprites+$400+1,x
   693 01,06A6 9D 02 04			sta shanti.sprites+$400+2,x
   694 01,06A9 9D 03 04			sta shanti.sprites+$400+3,x
   695 01,06AC 9D 04 04			sta shanti.sprites+$400+4,x
   696 01,06AF 9D 05 04			sta shanti.sprites+$400+5,x
   697 01,06B2 9D 08 04			sta shanti.sprites+$400+8,x
   698 01,06B5 9D 09 04			sta shanti.sprites+$400+9,x
   699 01,06B8 9D 0A 04			sta shanti.sprites+$400+10,x
   700 01,06BB 9D 0B 04			sta shanti.sprites+$400+11,x
   701 01,06BE 9D 0C 04			sta shanti.sprites+$400+12,x
   702 01,06C1 9D 0D 04			sta shanti.sprites+$400+13,x
   703 01,06C4 A9 FC			lda #252
   704 01,06C6 9D 06 04			sta shanti.sprites+$400+6,x
   705 01,06C9 9D 07 04			sta shanti.sprites+$400+7,x
   706
   707 01,06CC 4C 00 00			jmp shanti.multi.ret01
   708
   709 01,06CF			_23
   710 01,06CF A9 00			lda #0
   711 01,06D1 9D 00 07			sta shanti.sprites+$700+0,x
   712 01,06D4 9D 01 07			sta shanti.sprites+$700+1,x
   713 01,06D7 9D 0E 06			sta shanti.sprites+$600+14,x
   714 01,06DA 9D 0F 06			sta shanti.sprites+$600+15,x
   715 01,06DD A9 02			lda #2
   716 01,06DF 9D 06 07			sta shanti.sprites+$700+6,x
   717 01,06E2 9D 07 07			sta shanti.sprites+$700+7,x
   718 01,06E5 A9 22			lda #34
   719 01,06E7 9D 02 07			sta shanti.sprites+$700+2,x
   720 01,06EA 9D 03 07			sta shanti.sprites+$700+3,x
   721 01,06ED 9D 04 07			sta shanti.sprites+$700+4,x
   722 01,06F0 9D 05 07			sta shanti.sprites+$700+5,x
   723 01,06F3 9D 0A 07			sta shanti.sprites+$700+10,x
   724 01,06F6 9D 0B 07			sta shanti.sprites+$700+11,x
   725 01,06F9 9D 0C 07			sta shanti.sprites+$700+12,x
   726 01,06FC 9D 0D 07			sta shanti.sprites+$700+13,x
   727 01,06FF A9 32			lda #50
   728 01,0701 9D 08 07			sta shanti.sprites+$700+8,x
   729 01,0704 9D 09 07			sta shanti.sprites+$700+9,x
   730 01,0707 A9 66			lda #102
   731 01,0709 9D 0E 07			sta shanti.sprites+$700+14,x
   732 01,070C 9D 0F 07			sta shanti.sprites+$700+15,x
   733 01,070F A9 CC			lda #204
   734 01,0711 9D 00 06			sta shanti.sprites+$600+0,x
   735 01,0714 9D 01 06			sta shanti.sprites+$600+1,x
   736 01,0717 9D 02 06			sta shanti.sprites+$600+2,x
   737 01,071A 9D 03 06			sta shanti.sprites+$600+3,x
   738 01,071D 9D 04 06			sta shanti.sprites+$600+4,x
   739 01,0720 9D 05 06			sta shanti.sprites+$600+5,x
   740 01,0723 9D 08 06			sta shanti.sprites+$600+8,x
   741 01,0726 9D 09 06			sta shanti.sprites+$600+9,x
   742 01,0729 9D 0A 06			sta shanti.sprites+$600+10,x
   743 01,072C 9D 0B 06			sta shanti.sprites+$600+11,x
   744 01,072F 9D 0C 06			sta shanti.sprites+$600+12,x
   745 01,0732 9D 0D 06			sta shanti.sprites+$600+13,x
   746 01,0735 A9 FC			lda #252
   747 01,0737 9D 06 06			sta shanti.sprites+$600+6,x
   748 01,073A 9D 07 06			sta shanti.sprites+$600+7,x
   749
   750 01,073D 4C 00 00			jmp shanti.multi.ret23
   751 				.endl
   751 01,0740			BLK UPDATE ADDRESS
   751 01,0740			BLK UPDATE EXTERNAL
   751 01,0740 EE FF 57		
   751 01,0740 08 00 12 00 53 + SHANTI.MULTI.RET23
   751 01,0740 EE FF 57		
   751 01,0740 08 00 12 00 53 + SHANTI.MULTI.RET01
   751 01,0740 EE FF 57		
   751 01,0740 00 02 0E 00 53 + SHANTI.SPRITES
   751 01,0740			BLK UPDATE PUBLIC
   751 01,0740 57 56 08 00 53 + SHP0._01
   751 01,0740 57 56 08 00 53 + SHP0._23
   751 01,0740 57 56 08 00 53 + SHP1._01
   751 01,0740 57 56 08 00 53 + SHP1._23
   751 01,0740 57 56 08 00 53 + SHP2._01
   751 01,0740 57 56 08 00 53 + SHP2._23
   751 01,0740 57 56 08 00 53 + SHP3._01
   751 01,0740 57 56 08 00 53 + SHP3._23
   751 01,0740 57 56 08 00 53 + SHP4._01
   751 01,0740 57 56 08 00 53 + SHP4._23
   751 01,0740 57 56 08 00 53 + SHP5._01
   751 01,0740 57 56 08 00 53 + SHP5._23
   751 01,0740 57 56 08 00 53 + SHP6._01
   751 01,0740 57 56 08 00 53 + SHP6._23
   751 01,0740 57 56 08 00 53 + SHP7._01
   751 01,0740 57 56 08 00 53 + SHP7._23
