mads 2.1.5 build 4 (1 Apr 22)
Source: D:\!Delphi\PAS6502\test\sprite\engine.asm
     1 				// Shanti PM Multiplexer
     2
     3 						icl 'atari.hea'
Source: d:\!atari\macro\atari.hea
     1
   302 					opt l+
     4
     5 = C000			sprites = $c000
     6
     7 = 0010			MAX_SPRITES		equ 16
     8
     9 = 0010			POSY_MIN		equ 16
    10 = 00D0			POSY_MAX		equ 208
    11
    12 = 0040			POSX_MIN		equ 64
    13 = 00B8			POSX_MAX		equ 184
    14
    15 = 0014			tim	equ $14			;zegar systemowy
    16
    17
    18 					org $00			;strona zerowa
    19
    20 = 0000			spr_flag	.ds 1		;bajty na stronie zerowej wykorzystywane przez MULTI
    21 = 0001			poz_y		.ds 1
    22 = 0002			duch_dy		.ds 1
    23 = 0003			dli_A		.ds 1
    24 = 0004			dli_X		.ds 1
    25
    26
    27 				.public	multi.animuj, multi.show_sprites, sprites, shape_tab01, shape_tab23
    28 				.public sprite_x, sprite_y, sprite_shape, sprite_c0, sprite_c1, sprite_anim, sprite_anim_speed
    29 				.public multi.init_engine, multi.ret01, multi.ret23, multi.init_sprite
    30 				.public charsets, tcolor, creg
    31
    32 FFFF> 01,0000-0530> 4D + 	.reloc
    33 				;	org $c000
    34
    35 				;sprites			:$0800 brk		;adres pamięci dla duszków
    36
    37 = 01,C000		shape_tab01		= sprites		;adresy ksztaltow dla duszka 01
    38 = 01,C100		shape_tab23		= sprites+$100		;adresy ksztaltow dla duszka 23
    39
    40 = 01,C200		blok_status		= sprites+$200+32*0	;tablica pomocnicza do ustalenia zajętości duszków
    41 = 01,C220		blok_x01		= sprites+$200+32*1	;pozycje pary duszków 0 i 1
    42 = 01,C240		blok_x23		= sprites+$200+32*2	;pozycje pary duszków 2 i 3
    43 = 01,C260		blok_c0			= sprites+$200+32*3	;kolor duszka 0
    44 = 01,C280		blok_c1			= sprites+$200+32*4	;kolor duszka 1
    45 = 01,C2A0		blok_c2			= sprites+$200+32*5	;kolor duszka 2
    46 = 01,C2C0		blok_c3			= sprites+$200+32*6	;kolor duszka 3
    47
    48 = 01,C2E0		charsets		= sprites+$200+32*7	;starsze bajty adresu zestawu znakow w wierszu
    49
    50 					ert .lo(*) <> 0
    51
    52 01,0000 D4 02 0B 03 32 + tab_skok01	dta a(multi.dy0, multi.dy1, multi.dy2, multi.dy3, multi.dy4, multi.dy5, multi.dy6, multi.dy7)
    53
    54 01,0010 DC 03 19 04 40 + tab_skok23	dta a(multi.dy0b, multi.dy1b, multi.dy2b, multi.dy3b, multi.dy4b, multi.dy5b, multi.dy6b, multi.dy7b)
    55
    56 01,0020 00 00 00 00 00 + tcolor			:32 brk
    57
    58 01,0040 00 00 00 00 00 + sprite_x		:MAX_SPRITES brk	;pozycja X obiektu
    59 01,0050 00 00 00 00 00 + sprite_y		:MAX_SPRITES brk	;pozycja Y obiektu
    60 01,0060 00 00 00 00 00 + sprite_shape		:MAX_SPRITES brk	;ksztalt obiektu
    61 01,0070 00 00 00 00 00 + sprite_c0		:MAX_SPRITES brk	;kolor 0 obiektu
    62 01,0080 00 00 00 00 00 + sprite_c1		:MAX_SPRITES brk	;kolor 1 obiektu
    63 01,0090 00 00 00 00 00 + sprite_anim		:MAX_SPRITES brk	;liczba klatek animacji obiektu
    64 01,00A0 00 00 00 00 00 + sprite_anim_speed 	:MAX_SPRITES brk	;szybkość animacji obiektu
    65
    66
    67 				;.rept 26,#
    68 				;.public dli:1, dli:1.chrs, dli:1.col0, dli:1.col1, dli:1.reg0, dli:1.reg1
    69 				;.endr
    70
    71 				; !!! koniecznie od poczatku strony pamieci przy linkowaniu
    72
    73 					;	.reloc
    74
    75 01,00B0					icl 'przerwania.asm'
Source: D:\!Delphi\PAS6502\test\sprite\przerwania.asm
     1 				//przerwania
     2
     3
     4 01,00B0 85 03		dli0			sta dli_A
     5 01,00B2 86 04					stx dli_X
     6
     7 01,00B4 A2 00		licznik			ldx #0
     8
     9 01,00B6 BD DE C2					lda charsets-2,x
    10 01,00B9 8D 0A D4					sta wsync
    11 01,00BC 8D 09 D4					sta chbase
    12
    13 01,00BF BD 1E 00					lda tcolor-2,x
    14 01,00C2 8D 1E D0		creg			sta $d01e
    15
    16 01,00C5 BD 20 C2					lda blok_x01,x			;player 0 i 1
    17 01,00C8 F0 15					beq @+
    18 01,00CA 8D 01 D0					sta hposp1
    19 01,00CD 8D 00 D0					sta hposp0
    20 01,00D0 4A					lsr
    21 01,00D1 F0 0C					beq @+				;=0 poza ekranem, nie zmieniaj kolorów
    22 01,00D3 BD 60 C2					lda blok_c0,x
    23 01,00D6 8D 12 D0					sta colpm0
    24 01,00D9 BD 80 C2					lda blok_c1,x
    25 01,00DC 8D 13 D0					sta colpm1
    26
    27 01,00DF BD 40 C2		@			lda blok_x23,x			;player 2 i 3
    28 01,00E2 F0 15					beq @+
    29 01,00E4 8D 03 D0					sta hposp3
    30 01,00E7 8D 02 D0					sta hposp2
    31 01,00EA 4A					lsr
    32 01,00EB F0 0C					beq @+
    33 01,00ED BD A0 C2					lda blok_c2,x
    34 01,00F0 8D 14 D0					sta colpm2
    35 01,00F3 BD C0 C2					lda blok_c3,x
    36 01,00F6 8D 15 D0					sta colpm3
    37
    38 01,00F9 A9 00		@			lda #0				;wyczysc pozycję
    39 01,00FB 9D 20 C2					sta blok_x01,x
    40 01,00FE 9D 40 C2					sta blok_x23,x
    41 01,0101 9D 00 C2					sta blok_status,x
    42
    43 01,0104 EE B5 00					inc licznik+1
    44
    45 01,0107 A5 03					lda dli_A
    46 01,0109 A6 04					ldx dli_X
    47 01,010B 40					rti
    48
    49
    50
    51 				/*
    52 				?adr = *
    53
    54 					.rept 26,#,#+2,#+1
    55 				dli%%1			sta dli_A
    56
    57 				dli%%1.chrs		lda #0
    58 							sta wsync
    59 							sta chbase
    60
    61 				dli%%1.col0		lda #0
    62 				dli%%1.reg0		sta $d01e
    63 				dli%%1.col1		lda #0
    64 				dli%%1.reg1		sta $d01e
    65
    66 							lda blok_x01+%%2		;player 0 i 1
    67 							beq @+
    68 							sta hposp1
    69 							sta hposp0
    70 							lsr
    71 							beq @+				;=0 poza ekranem, nie zmieniaj kolorów
    72 							lda blok_c0+%%2
    73 							sta colpm0
    74 							lda blok_c1+%%2
    75 							sta colpm1
    76
    77 				@			lda blok_x23+%%2		;player 2 i 3
    78 							beq @+
    79 							sta hposp3
    80 							sta hposp2
    81 							lsr
    82 							beq @+
    83 							lda blok_c2+%%2
    84 							sta colpm2
    85 							lda blok_c3+%%2
    86 							sta colpm3
    87
    88 				@			lda #0				;wyczysc pozycję
    89 							sta blok_x01+%%2
    90 							sta blok_x23+%%2
    91 							sta blok_status+%%2
    92
    93 						ift %%3 < 26
    94 							mva <dli%%3 vdli+1
    95
    96 							ift .hi(dli%%3) <> .hi(?adr)
    97 							mva >dli%%3 vdli+2
    98 							eif
    99 						eif
   100
   101 							lda dli_A
   102 							rti
   103 				?adr = *
   104
   105 					.endr
   106 				*/
   106
   107
   108 01,010C			.local		nmi
   109
   110 01,010C 2C 0F D4					bit nmist
   111 01,010F 10 03					bpl vbl
   112
   113 01,0111 4C B0 00					jmp vdli: dli0
   114
   115 01,0114 48 8A 48 98 48	vbl			phr
   116 01,0119 8D 0F D4					sta nmist
   117
   118 01,011C E6 14					inc tim
   119
   120 01,011E A9 02 8D B5 00				mva #2 licznik+1
   121
   122 01,0123 AD 30 02 8D 02 + 			mwa SDLSTL dlptr
   123 01,012F AD 2F 02 8D 00 + 			mva sdmctl dmactl
   124
   125 01,0135 A9 B0 8D 12 01 + 			mwa #dli0 vdli
   126
   127 01,013F 4C 00 01		vbl_user		jmp $0100
   128
   129 				.endl
    76
    77 01,0142					icl 'multi.asm'
Source: D:\!Delphi\PAS6502\test\sprite\multi.asm
     1 				//MULTI
     2 				//multiplekser
     3
     4
     5 01,0142			.local multi
     6
     7 01,0142			animuj
     8 01,0142 A5 14				lda tim
     9 01,0144 8D 53 01				sta _em2+1
    10
    11 01,0147 A2 0F				ldx #MAX_SPRITES-1
    12 01,0149 BD 40 00		@		lda sprite_x,x
    13 01,014C D0 04				bne @+
    14 01,014E CA		next		dex
    15 01,014F 10 F8				bpl @-
    16 01,0151 60				rts
    17 				@
    18 01,0152 A9 FF		_em2		lda #$ff
    19 01,0154 3D A0 00				and sprite_anim_speed,x
    20 01,0157 D0 F5				bne next
    21 01,0159 BD 90 00				lda sprite_anim,x
    22 01,015C F0 F0				beq next
    23 01,015E 49 FF				eor #255
    24 01,0160 8D 72 01				sta _em1-1
    25 01,0163 49 FF				eor #255
    26
    27 01,0165 3D 60 00				and sprite_shape,x
    28 01,0168 8D 74 01				sta _em1+1
    29 01,016B FE 60 00				inc sprite_shape,x		;animacja przeciwnikow
    30 01,016E BD 60 00				lda sprite_shape,x
    31 01,0171 29 FF				and #$ff			;odwrotnosc maski
    32 01,0173 09 FF		_em1		ora #$ff
    33 01,0175 9D 60 00				sta sprite_shape,x
    34 01,0178 4C 4E 01				jmp next
    35
    36
    37 				//inicjalizacja spritów
    38 01,017B			init_sprite
    39 01,017B A9 0F 8D E7 01			mva #MAX_SPRITES-1 start+1
    40
    41 01,0180			init_sprite2
    42 01,0180 A9 00				lda #0
    43 01,0182 AA				tax
    44 01,0183 9D 00 C3		@		sta sprites+$300,x		;wyczysc duszki
    45 01,0186 9D 00 C4				sta sprites+$400,x
    46 01,0189 9D 00 C5				sta sprites+$500,x
    47 01,018C 9D 00 C6				sta sprites+$600,x
    48 01,018F 9D 00 C7				sta sprites+$700,x
    49 01,0192 E8				inx
    50 01,0193 D0 EE				bne @-
    51
    52 01,0195 A2 1F				ldx #31
    53 01,0197 9D 00 C2		@		sta blok_status,x		;wyczysc tablice
    54 01,019A 9D 20 C2				sta blok_x01,x
    55 01,019D 9D 40 C2				sta blok_x23,x
    56 01,01A0 9D 60 C2				sta blok_c0,x
    57 01,01A3 9D 80 C2				sta blok_c1,x
    58 01,01A6 9D A0 C2				sta blok_c2,x
    59 01,01A9 9D C0 C2				sta blok_c3,x
    60 01,01AC CA				dex
    61 01,01AD 10 E8				bpl @-
    62
    63 01,01AF A2 0F				ldx #MAX_SPRITES-1
    64 01,01B1 9D 40 00		@		sta sprite_x,x
    65 01,01B4 9D 50 00				sta sprite_y,x
    66 01,01B7 9D 60 00				sta sprite_shape,x
    67 01,01BA 9D 70 00				sta sprite_c0,x
    68 01,01BD 9D 80 00				sta sprite_c1,x
    69 01,01C0 9D 90 00				sta sprite_anim,x
    70 01,01C3 9D A0 00				sta sprite_anim_speed,x
    71 01,01C6 CA				dex
    72 01,01C7 10 E8				bpl @-
    73
    74 01,01C9 60				rts
    75
    76
    77 				//narysuj wszystkie duszki
    78 01,01CA			show_sprites
    79 01,01CA A0 00				ldy #0
    80 01,01CC 84 00				sty spr_flag
    81 01,01CE AD 40 00				lda sprite_x
    82 01,01D1 F0 03				beq *+5
    83 01,01D3 20 2A 02				jsr print_sprite		;gracz
    84 01,01D6 AC E7 01				ldy start+1
    85
    86 01,01D9 B9 40 00		@		lda sprite_x,y
    87 01,01DC F0 03				beq @+
    88 01,01DE 20 2A 02				jsr print_sprite
    89 01,01E1 88		@		dey
    90 01,01E2 D0 02				bne *+4
    91 01,01E4 A0 0F				ldy #MAX_SPRITES-1
    92
    93 01,01E6 C0 0F		start		cpy #MAX_SPRITES-1
    94 01,01E8 D0 EF				bne @-1
    95
    96
    97 01,01EA A5 00				lda spr_flag
    98 01,01EC F0 03				beq @+
    99 01,01EE 8D E7 01				sta start+1
   100
   101 01,01F1 AD 21 C2		@		lda blok_x01+1			;player 0 i 1
   102 01,01F4 8D 01 D0				sta hposp1
   103 01,01F7 8D 00 D0				sta hposp0
   104 01,01FA AD 61 C2				lda blok_c0+1
   105 01,01FD 8D 12 D0				sta colpm0
   106 01,0200 AD 81 C2				lda blok_c1+1
   107 01,0203 8D 13 D0				sta colpm1
   108 01,0206 AD 41 C2				lda blok_x23+1			;player 2 i 3
   109 01,0209 8D 03 D0				sta hposp3
   110 01,020C 8D 02 D0				sta hposp2
   111 01,020F AD A1 C2				lda blok_c2+1
   112 01,0212 8D 14 D0				sta colpm2
   113 01,0215 AD C1 C2				lda blok_c3+1
   114 01,0218 8D 15 D0				sta colpm3
   115
   116 01,021B A9 00				lda #0
   117 01,021D 8D 21 C2				sta blok_x01+1
   118 01,0220 8D 41 C2				sta blok_x23+1
   119 01,0223 8D 01 C2				sta blok_status+1
   120 01,0226 8D 1C C2				sta blok_status+28
   121 01,0229 60				rts
   122
   123
   124 				//narysuj sprite nr w Y
   125 01,022A			print_sprite
   126 01,022A B9 50 00				lda sprite_y,y			;juz odczytane
   127 01,022D C9 10				cmp #POSY_MIN
   128 01,022F 90 28				bcc quit
   129 01,0231 C9 D0				cmp #POSY_MAX
   130 01,0233 B0 24				bcs quit
   131
   132 01,0235 85 01				sta poz_y
   133 01,0237 4A 4A 4A				:3 lsr
   134 01,023A AA				tax				;nr pierwszego bloku
   135 01,023B A5 01				lda poz_y
   136 01,023D 29 07				and #%111
   137 01,023F 85 02				sta duch_dy
   138
   139 01,0241 D0 01				bne *+3
   140 01,0243 CA				dex				;jesli dy=0 to zmniejsz nr pierwszego bloku
   141
   142 01,0244 BD 00 C2				lda blok_status,x
   143 01,0247 1D 01 C2				ora blok_status+1,x
   144 01,024A 1D 02 C2				ora blok_status+2,x
   145 01,024D 4A				lsr
   146 01,024E 90 0A				bcc @+
   147 01,0250 4A				lsr
   148 01,0251 90 3E				jcc @+1
   149
   150 01,0253 A5 00				lda spr_flag
   151 01,0255 D0 02				bne *+4
   152 01,0257 84 00				sty spr_flag
   153 01,0259 60		quit		rts				;nie można narysować duszka
   154
   155
   156 01,025A FE 00 C2		@		inc blok_status,x
   157 01,025D FE 02 C2				inc blok_status+2,x
   158
   159 				//ustawienie pozycji i koloru duszków w bloku
   160 01,0260 BD 23 C2				lda blok_x01+3,x
   161 01,0263 D0 03				bne *+5
   162 01,0265 FE 23 C2				inc blok_x01+3,x
   163
   164 01,0268 B9 40 00				lda sprite_x,y			;sprite 0 i 1
   165 01,026B 9D 20 C2				sta blok_x01,x
   166
   167 01,026E B9 70 00				lda sprite_c0,y
   168 01,0271 9D 60 C2				sta blok_c0,x
   169 01,0274 B9 80 00				lda sprite_c1,y
   170 01,0277 9D 80 C2				sta blok_c1,x
   171
   172 01,027A B9 60 00		psp1b		lda sprite_shape,y
   173 01,027D 0A				asl @
   174 01,027E 8D 84 02				sta _psp1+1
   175
   176 						;sty nr_duszka
   177 01,0281 A6 01				ldx poz_y
   178
   179 01,0283 6C 00 C0		_psp1		jmp (shape_tab01)
   180
   181 01,0286			ret01		;ldy nr_duszka
   182
   183 01,0286 A5 02				lda duch_dy
   184 01,0288 0A				asl @
   185
   186 						;ldy nr_duszka
   187
   188 01,0289 8D 8F 02				sta l01+1
   189 01,028C A9 00				lda #0
   190
   191 01,028E 6C 00 00		l01		jmp (tab_skok01)
   192
   193 01,0291 A9 02		@		lda #2
   194 01,0293 1D 00 C2				ora blok_status,x		;zajmij wybranego duszka w statusie
   195 01,0296 9D 00 C2				sta blok_status,x
   196 01,0299 A9 02				lda #2
   197 01,029B 1D 02 C2				ora blok_status+2,x
   198 01,029E 9D 02 C2				sta blok_status+2,x
   199
   200
   201 01,02A1 BD 43 C2				lda blok_x23+3,x
   202 01,02A4 D0 03				bne *+5
   203 01,02A6 FE 43 C2				inc blok_x23+3,x
   204
   205 01,02A9 B9 40 00				lda sprite_x,y			;sprite 2 i 3
   206 01,02AC 9D 40 C2				sta blok_x23,x
   207
   208 01,02AF B9 70 00				lda sprite_c0,y
   209 01,02B2 9D A0 C2				sta blok_c2,x
   210 01,02B5 B9 80 00				lda sprite_c1,y
   211 01,02B8 9D C0 C2				sta blok_c3,x
   212
   213 01,02BB B9 60 00		psp2b		lda sprite_shape,y
   214 01,02BE 0A				asl @
   215 01,02BF 8D C5 02				sta _psp2+1
   216
   217 						;sty nr_duszka
   218 01,02C2 A6 01				ldx poz_y
   219
   220 01,02C4 6C 00 C1		_psp2		jmp (shape_tab23)
   221
   222 01,02C7			ret23		;ldy nr_duszka
   223
   224 01,02C7 A5 02				lda duch_dy
   225 01,02C9 0A				asl @
   226 01,02CA 09 10				ora #%10000			;+16
   227
   228 						;ldy nr_duszka
   229
   230 01,02CC 8D D2 02				sta l23+1
   231 01,02CF A9 00				lda #0
   232
   233 01,02D1 6C 10 00		l23		jmp (tab_skok23)
   234
   235
   236 01,02D4			dy0
   237 01,02D4 9D 10 C4				sta sprites+$400+$10,x
   238 01,02D7 9D 10 C5				sta sprites+$500+$10,x
   239
   240 01,02DA 9D F8 C3				sta sprites+$400-8,x
   241 01,02DD 9D F9 C3				sta sprites+$400-7,x
   242 01,02E0 9D FA C3				sta sprites+$400-6,x
   243 01,02E3 9D FB C3				sta sprites+$400-5,x
   244 01,02E6 9D FC C3				sta sprites+$400-4,x
   245 01,02E9 9D FD C3				sta sprites+$400-3,x
   246 01,02EC 9D FE C3				sta sprites+$400-2,x
   247 01,02EF 9D FF C3				sta sprites+$400-1,x
   248
   249 01,02F2 9D F8 C4				sta sprites+$500-8,x
   250 01,02F5 9D F9 C4				sta sprites+$500-7,x
   251 01,02F8 9D FA C4				sta sprites+$500-6,x
   252 01,02FB 9D FB C4				sta sprites+$500-5,x
   253 01,02FE 9D FC C4				sta sprites+$500-4,x
   254 01,0301 9D FD C4				sta sprites+$500-3,x
   255 01,0304 9D FE C4				sta sprites+$500-2,x
   256 01,0307 9D FF C4				sta sprites+$500-1,x
   257
   258 01,030A 60				rts
   259
   260 01,030B			dy1
   261 01,030B 9D 13 C4				sta sprites+$400+$13,x
   262 01,030E 9D 13 C5				sta sprites+$500+$13,x
   263 01,0311 9D 14 C4				sta sprites+$400+$14,x
   264 01,0314 9D 14 C5				sta sprites+$500+$14,x
   265 01,0317 9D 15 C4				sta sprites+$400+$15,x
   266 01,031A 9D 15 C5				sta sprites+$500+$15,x
   267 01,031D 9D 16 C4				sta sprites+$400+$16,x
   268 01,0320 9D 16 C5				sta sprites+$500+$16,x
   269 01,0323 9D 17 C4				sta sprites+$400+$17,x
   270 01,0326 9D 17 C5				sta sprites+$500+$17,x
   271 01,0329 9D 18 C4				sta sprites+$400+$18,x
   272 01,032C 9D 18 C5				sta sprites+$500+$18,x
   273 01,032F 4C C3 03				jmp dy7+36
   274
   275 01,0332			dy2
   276 01,0332 9D 13 C4				sta sprites+$400+$13,x
   277 01,0335 9D 13 C5				sta sprites+$500+$13,x
   278 01,0338 9D 14 C4				sta sprites+$400+$14,x
   279 01,033B 9D 14 C5				sta sprites+$500+$14,x
   280 01,033E 9D 15 C4				sta sprites+$400+$15,x
   281 01,0341 9D 15 C5				sta sprites+$500+$15,x
   282 01,0344 9D 16 C4				sta sprites+$400+$16,x
   283 01,0347 9D 16 C5				sta sprites+$500+$16,x
   284 01,034A 9D 17 C4				sta sprites+$400+$17,x
   285 01,034D 9D 17 C5				sta sprites+$500+$17,x
   286 01,0350 4C BD 03				jmp dy7+30
   287
   288 01,0353			dy3
   289 01,0353 9D 13 C4				sta sprites+$400+$13,x
   290 01,0356 9D 13 C5				sta sprites+$500+$13,x
   291 01,0359 9D 14 C4				sta sprites+$400+$14,x
   292 01,035C 9D 14 C5				sta sprites+$500+$14,x
   293 01,035F 9D 15 C4				sta sprites+$400+$15,x
   294 01,0362 9D 15 C5				sta sprites+$500+$15,x
   295 01,0365 9D 16 C4				sta sprites+$400+$16,x
   296 01,0368 9D 16 C5				sta sprites+$500+$16,x
   297 01,036B 4C B7 03				jmp dy7+24
   298
   299 01,036E			dy4
   300 01,036E 9D 13 C4				sta sprites+$400+$13,x
   301 01,0371 9D 13 C5				sta sprites+$500+$13,x
   302 01,0374 9D 14 C4				sta sprites+$400+$14,x
   303 01,0377 9D 14 C5				sta sprites+$500+$14,x
   304 01,037A 9D 15 C4				sta sprites+$400+$15,x
   305 01,037D 9D 15 C5				sta sprites+$500+$15,x
   306 01,0380 4C B1 03				jmp dy7+18
   307
   308 01,0383			dy5
   309 01,0383 E0 B0				cpx #POSY_MAX-32
   310 01,0385 B0 24				bcs dy7+12
   311 01,0387 9D 13 C4				sta sprites+$400+$13,x
   312 01,038A 9D 13 C5				sta sprites+$500+$13,x
   313 01,038D 9D 14 C4				sta sprites+$400+$14,x
   314 01,0390 9D 14 C5				sta sprites+$500+$14,x
   315 01,0393 4C AB 03				jmp dy7+12
   316
   317 01,0396			dy6
   318 01,0396 9D 13 C4				sta sprites+$400+$13,x
   319 01,0399 9D 13 C5				sta sprites+$500+$13,x
   320 01,039C 4C A5 03				jmp dy7+6
   321
   322 01,039F			dy7
   323 01,039F 9D F9 C3				sta sprites+$400-7,x
   324 01,03A2 9D F9 C4				sta sprites+$500-7,x
   325 01,03A5 9D FA C3				sta sprites+$400-6,x
   326 01,03A8 9D FA C4				sta sprites+$500-6,x
   327 01,03AB 9D FB C3				sta sprites+$400-5,x
   328 01,03AE 9D FB C4				sta sprites+$500-5,x
   329 01,03B1 9D FC C3				sta sprites+$400-4,x
   330 01,03B4 9D FC C4				sta sprites+$500-4,x
   331 01,03B7 9D FD C3				sta sprites+$400-3,x
   332 01,03BA 9D FD C4				sta sprites+$500-3,x
   333 01,03BD 9D FE C3				sta sprites+$400-2,x
   334 01,03C0 9D FE C4				sta sprites+$500-2,x
   335 01,03C3 9D FF C3				sta sprites+$400-1,x
   336 01,03C6 9D FF C4				sta sprites+$500-1,x
   337
   338 01,03C9 9D 10 C4				sta sprites+$400+$10,x
   339 01,03CC 9D 11 C4				sta sprites+$400+$11,x
   340 01,03CF 9D 12 C4				sta sprites+$400+$12,x
   341 01,03D2 9D 10 C5				sta sprites+$500+$10,x
   342 01,03D5 9D 11 C5				sta sprites+$500+$11,x
   343 01,03D8 9D 12 C5				sta sprites+$500+$12,x
   344 01,03DB 60				rts
   345
   346
   347 01,03DC			dy0b
   348 01,03DC 9D 11 C6				sta sprites+$600+$11,x
   349 01,03DF 9D 11 C7				sta sprites+$700+$11,x
   350
   351 01,03E2 9D 10 C6				sta sprites+$600+$10,x
   352 01,03E5 9D 10 C7				sta sprites+$700+$10,x
   353
   354 01,03E8 9D F8 C5				sta sprites+$600-8,x
   355 01,03EB 9D F9 C5				sta sprites+$600-7,x
   356 01,03EE 9D FA C5				sta sprites+$600-6,x
   357 01,03F1 9D FB C5				sta sprites+$600-5,x
   358 01,03F4 9D FC C5				sta sprites+$600-4,x
   359 01,03F7 9D FD C5				sta sprites+$600-3,x
   360 01,03FA 9D FE C5				sta sprites+$600-2,x
   361 01,03FD 9D FF C5				sta sprites+$600-1,x
   362
   363 01,0400 9D F8 C6				sta sprites+$700-8,x
   364 01,0403 9D F9 C6				sta sprites+$700-7,x
   365 01,0406 9D FA C6				sta sprites+$700-6,x
   366 01,0409 9D FB C6				sta sprites+$700-5,x
   367 01,040C 9D FC C6				sta sprites+$700-4,x
   368 01,040F 9D FD C6				sta sprites+$700-3,x
   369 01,0412 9D FE C6				sta sprites+$700-2,x
   370 01,0415 9D FF C6				sta sprites+$700-1,x
   371
   372 01,0418 60				rts
   373
   374 01,0419			dy1b
   375 01,0419 9D 13 C6				sta sprites+$600+$13,x
   376 01,041C 9D 13 C7				sta sprites+$700+$13,x
   377 01,041F 9D 14 C6				sta sprites+$600+$14,x
   378 01,0422 9D 14 C7				sta sprites+$700+$14,x
   379 01,0425 9D 15 C6				sta sprites+$600+$15,x
   380 01,0428 9D 15 C7				sta sprites+$700+$15,x
   381 01,042B 9D 16 C6				sta sprites+$600+$16,x
   382 01,042E 9D 16 C7				sta sprites+$700+$16,x
   383 01,0431 9D 17 C6				sta sprites+$600+$17,x
   384 01,0434 9D 17 C7				sta sprites+$700+$17,x
   385 01,0437 9D 18 C6				sta sprites+$600+$18,x
   386 01,043A 9D 18 C7				sta sprites+$700+$18,x
   387 01,043D 4C CD 04				jmp dy7b+36
   388
   389
   390 01,0440			dy2b
   391 01,0440 9D 13 C6				sta sprites+$600+$13,x
   392 01,0443 9D 13 C7				sta sprites+$700+$13,x
   393 01,0446 9D 14 C6				sta sprites+$600+$14,x
   394 01,0449 9D 14 C7				sta sprites+$700+$14,x
   395 01,044C 9D 15 C6				sta sprites+$600+$15,x
   396 01,044F 9D 15 C7				sta sprites+$700+$15,x
   397 01,0452 9D 16 C6				sta sprites+$600+$16,x
   398 01,0455 9D 16 C7				sta sprites+$700+$16,x
   399 01,0458 9D 17 C6				sta sprites+$600+$17,x
   400 01,045B 9D 17 C7				sta sprites+$700+$17,x
   401 01,045E 4C C7 04				jmp dy7b+30
   402
   403 01,0461			dy3b
   404 01,0461 9D 13 C6				sta sprites+$600+$13,x
   405 01,0464 9D 13 C7				sta sprites+$700+$13,x
   406 01,0467 9D 14 C6				sta sprites+$600+$14,x
   407 01,046A 9D 14 C7				sta sprites+$700+$14,x
   408 01,046D 9D 15 C6				sta sprites+$600+$15,x
   409 01,0470 9D 15 C7				sta sprites+$700+$15,x
   410 01,0473 9D 16 C6				sta sprites+$600+$16,x
   411 01,0476 9D 16 C7				sta sprites+$700+$16,x
   412 01,0479 4C C1 04				jmp dy7b+24
   413
   414 01,047C			dy4b
   415 01,047C 9D 13 C6				sta sprites+$600+$13,x
   416 01,047F 9D 13 C7				sta sprites+$700+$13,x
   417 01,0482 9D 14 C6				sta sprites+$600+$14,x
   418 01,0485 9D 14 C7				sta sprites+$700+$14,x
   419 01,0488 9D 15 C6				sta sprites+$600+$15,x
   420 01,048B 9D 15 C7				sta sprites+$700+$15,x
   421 01,048E 4C BB 04				jmp dy7b+18
   422
   423 01,0491			dy5b
   424 01,0491 9D 13 C6				sta sprites+$600+$13,x
   425 01,0494 9D 13 C7				sta sprites+$700+$13,x
   426 01,0497 9D 14 C6				sta sprites+$600+$14,x
   427 01,049A 9D 14 C7				sta sprites+$700+$14,x
   428 01,049D 4C B5 04				jmp dy7b+12
   429
   430
   431 01,04A0			dy6b
   432 01,04A0 9D 13 C6				sta sprites+$600+$13,x
   433 01,04A3 9D 13 C7				sta sprites+$700+$13,x
   434 01,04A6 4C AF 04				jmp dy7b+6
   435
   436 01,04A9			dy7b
   437 01,04A9 9D F9 C5				sta sprites+$600-7,x
   438 01,04AC 9D F9 C6				sta sprites+$700-7,x
   439 01,04AF 9D FA C5				sta sprites+$600-6,x
   440 01,04B2 9D FA C6				sta sprites+$700-6,x
   441 01,04B5 9D FB C5				sta sprites+$600-5,x
   442 01,04B8 9D FB C6				sta sprites+$700-5,x
   443 01,04BB 9D FC C5				sta sprites+$600-4,x
   444 01,04BE 9D FC C6				sta sprites+$700-4,x
   445 01,04C1 9D FD C5				sta sprites+$600-3,x
   446 01,04C4 9D FD C6				sta sprites+$700-3,x
   447 01,04C7 9D FE C5				sta sprites+$600-2,x
   448 01,04CA 9D FE C6				sta sprites+$700-2,x
   449 01,04CD 9D FF C5				sta sprites+$600-1,x
   450 01,04D0 9D FF C6				sta sprites+$700-1,x
   451
   452 01,04D3 9D 10 C6				sta sprites+$600+$10,x
   453 01,04D6 9D 11 C6				sta sprites+$600+$11,x
   454 01,04D9 9D 12 C6				sta sprites+$600+$12,x
   455 01,04DC 9D 10 C7				sta sprites+$700+$10,x
   456 01,04DF 9D 11 C7				sta sprites+$700+$11,x
   457 01,04E2 9D 12 C7				sta sprites+$700+$12,x
   458 01,04E5 60				rts
   459
   460 				.endl
    78
    79
    80 01,04E6			.local	multi
    81
    82 01,04E6			.proc	init_engine (.word yx) .reg
    83
    84 01,04E6 78				sei
    85 01,04E7 A9 00 8D 0E D4			mva #0 nmien
    86 01,04EC 8D 0E D2				sta irqen
    87 01,04EF 8D 00 D4				sta dmactl
    88
    89 01,04F2 8E 40 01				stx nmi.vbl_user+1
    90 01,04F5 8C 41 01				sty nmi.vbl_user+2
    91
    92 01,04F8 A9 FE 8D 01 D3			mva #$fe portb
    93
    94 01,04FD 8D 08 D2				sta audctl		;inicjalizacja dźwięku
    95 01,0500 A9 03 8D 0F D2			mva #3 skctl
    96
    97 						;mva #2 chrctl		;włącz negatyw
    98
    99 01,0505 A9 0C 8D FA FF + 		mwa #nmi nmivec
   100
   101 01,050F A9 40 8D 0E D4			mva #$40 nmien
   102
   103 01,0514 A5 14 C5 14 F0 + 		lda:cmp:req tim
   104
   105 				//		mwa SDLSTL dlptr		;program antica
   106
   107 				//		mva #scr40 dmactl
   108 01,051A A9 C0 8D 0E D4			mva #$c0 nmien			;wlacz dli+vblk
   109
   110 01,051F A9 03 8D 1D D0			mva #3 pmcntl			;włączamy duszki
   111 01,0524 A9 C0 8D 07 D4			mva #>sprites pmbase
   112 01,0529 A9 31 8D 1B D0			mva #32+16+1 gtiactl		;kolorowe duszki, pociski w jednym kolorze
   113
   114 01,052E 4C 7B 01				jmp multi.init_sprite
   115 				.endp
   116
   117 				.endl
   117 01,0531			BLK UPDATE ADDRESS
   117 01,0531 EF FF 57		
   117 01,0531 4D 00 00 00 02 + 
   117 01,0531 EF FF 3C		
   117 01,0531 02 00 36 01 06 + 
   117 01,0531 EF FF 3E		
   117 01,0531 02 00 3B 01 B0 + 
   117 01,0531			BLK UPDATE PUBLIC
   117 01,0531 57 56 0C 00 4D + MULTI.ANIMUJ
   117 01,0531 57 56 12 00 4D + MULTI.SHOW_SPRITES
   117 01,0531 57 43 07 00 53 + SPRITES
   117 01,0531 57 43 0B 00 53 + SHAPE_TAB01
   117 01,0531 57 43 0B 00 53 + SHAPE_TAB23
   117 01,0531 57 56 08 00 53 + SPRITE_X
   117 01,0531 57 56 08 00 53 + SPRITE_Y
   117 01,0531 57 56 0C 00 53 + SPRITE_SHAPE
   117 01,0531 57 56 09 00 53 + SPRITE_C0
   117 01,0531 57 56 09 00 53 + SPRITE_C1
   117 01,0531 57 56 0B 00 53 + SPRITE_ANIM
   117 01,0531 57 56 11 00 53 + SPRITE_ANIM_SPEED
   117 01,0531 57 50 11 00 4D + MULTI.INIT_ENGINE
   117 01,0531 57 56 0B 00 4D + MULTI.RET01
   117 01,0531 57 56 0B 00 4D + MULTI.RET23
   117 01,0531 57 56 11 00 4D + MULTI.INIT_SPRITE
   117 01,0531 57 43 08 00 43 + CHARSETS
   117 01,0531 57 56 06 00 54 + TCOLOR
   117 01,0531 57 56 04 00 43 + CREG
